#
# There is insufficient memory for the Java Runtime Environment to continue.
# Native memory allocation (malloc) failed to allocate 32744 bytes for ChunkPool::allocate
# Possible reasons:
#   The system is out of physical RAM or swap space
#   The process is running with CompressedOops enabled, and the Java Heap may be blocking the growth of the native heap
# Possible solutions:
#   Reduce memory load on the system
#   Increase physical memory or swap space
#   Check if swap backing store is full
#   Decrease Java heap size (-Xmx/-Xms)
#   Decrease number of Java threads
#   Decrease Java thread stack sizes (-Xss)
#   Set larger code cache with -XX:ReservedCodeCacheSize=
#   JVM is running with Unscaled Compressed Oops mode in which the Java heap is
#     placed in the first 4GB address space. The Java Heap base address is the
#     maximum limit for the native heap growth. Please use -XX:HeapBaseMinAddress
#     to set the Java Heap base and to place the Java Heap above 4GB virtual address.
# This output file may be truncated or incomplete.
#
#  Out of Memory Error (allocation.cpp:273), pid=15660, tid=0x0000000000004a8c
#
# JRE version: Java(TM) SE Runtime Environment (8.0_192-b12) (build 1.8.0_192-b12)
# Java VM: Java HotSpot(TM) 64-Bit Server VM (25.192-b12 mixed mode windows-amd64 compressed oops)
# Failed to write core dump. Minidumps are not enabled by default on client versions of Windows
#

---------------  T H R E A D  ---------------

Current thread (0x0000000015438800):  JavaThread "C2 CompilerThread0" daemon [_thread_in_native, id=19084, stack(0x0000000016e30000,0x0000000016f30000)]

Stack: [0x0000000016e30000,0x0000000016f30000]
[error occurred during error reporting (printing stack bounds), id 0xc0000005]

Native frames: (J=compiled Java code, j=interpreted, Vv=VM code, C=native code)


Current CompileTask:
C2:  31124 3719       4       java.io.ObjectInputStream::readArray (453 bytes)


---------------  P R O C E S S  ---------------

Java Threads: ( => current thread )
  0x0000000017ab1800 JavaThread "pool-3-thread-1" [_thread_in_native, id=16716, stack(0x000000001c460000,0x000000001c560000)]
  0x0000000017ab6000 JavaThread "qtp26803119-43 Selector0" [_thread_in_native, id=16572, stack(0x000000001c360000,0x000000001c460000)]
  0x0000000017ab5000 JavaThread "qtp26803119-42 Acceptor0 SelectChannelConnector@127.0.0.1:9876" [_thread_in_native, id=13428, stack(0x000000001c260000,0x000000001c360000)]
  0x0000000017ab0000 JavaThread "qtp26803119-41" [_thread_blocked, id=13968, stack(0x000000001c160000,0x000000001c260000)]
  0x0000000017ab3800 JavaThread "qtp26803119-40" [_thread_blocked, id=5096, stack(0x000000001c060000,0x000000001c160000)]
  0x0000000017aaf000 JavaThread "qtp26803119-39" [_thread_blocked, id=21308, stack(0x000000001bf60000,0x000000001c060000)]
  0x0000000018b8e800 JavaThread "qtp26803119-38" [_thread_blocked, id=21836, stack(0x000000001be60000,0x000000001bf60000)]
  0x0000000018b91800 JavaThread "qtp26803119-37" [_thread_blocked, id=14368, stack(0x000000001bd60000,0x000000001be60000)]
  0x0000000018b92000 JavaThread "qtp26803119-36" [_thread_blocked, id=13936, stack(0x000000001bc60000,0x000000001bd60000)]
  0x0000000018b8d800 JavaThread "HashSessionScavenger-1" daemon [_thread_blocked, id=21388, stack(0x000000001bb60000,0x000000001bc60000)]
  0x0000000018b8c000 JavaThread "pool-2-thread-1" daemon [_thread_blocked, id=10800, stack(0x000000001ba60000,0x000000001bb60000)]
  0x0000000018b90000 JavaThread "qtp2087885397-30" [_thread_blocked, id=3496, stack(0x000000001b5f0000,0x000000001b6f0000)]
  0x0000000018b93000 JavaThread "qtp2087885397-29" [_thread_blocked, id=20948, stack(0x000000001b4f0000,0x000000001b5f0000)]
  0x0000000018643000 JavaThread "qtp2087885397-28" [_thread_blocked, id=22608, stack(0x000000001b3f0000,0x000000001b4f0000)]
  0x0000000018642800 JavaThread "qtp2087885397-27" [_thread_blocked, id=20584, stack(0x000000001b2f0000,0x000000001b3f0000)]
  0x0000000018641800 JavaThread "qtp2087885397-26 Selector0" [_thread_in_native, id=11012, stack(0x000000001b1f0000,0x000000001b2f0000)]
  0x0000000018641000 JavaThread "qtp2087885397-25" [_thread_blocked, id=18040, stack(0x000000001b0f0000,0x000000001b1f0000)]
  0x0000000018cc8000 JavaThread "qtp2087885397-24 Acceptor0 SelectChannelConnector@127.0.0.1:8888" [_thread_in_native, id=9108, stack(0x000000001aff0000,0x000000001b0f0000)]
  0x0000000018cc7800 JavaThread "qtp2087885397-23" [_thread_blocked, id=16544, stack(0x000000001aef0000,0x000000001aff0000)]
  0x0000000018ee9800 JavaThread "HashSessionScavenger-0" daemon [_thread_blocked, id=12660, stack(0x000000001abb0000,0x000000001acb0000)]
  0x0000000018402800 JavaThread "GC Daemon" daemon [_thread_blocked, id=21828, stack(0x00000000197e0000,0x00000000198e0000)]
  0x00000000177aa000 JavaThread "pool-1-thread-1" [_thread_blocked, id=11336, stack(0x0000000017e30000,0x0000000017f30000)]
  0x000000001743f000 JavaThread "Thread-2" daemon [_thread_blocked, id=21112, stack(0x0000000017c30000,0x0000000017d30000)]
  0x000000001743c000 JavaThread "Thread-1" [_thread_in_native, id=22812, stack(0x0000000017b30000,0x0000000017c30000)]
  0x000000001689d000 JavaThread "Service Thread" daemon [_thread_blocked, id=12936, stack(0x0000000017130000,0x0000000017230000)]
  0x0000000016896000 JavaThread "C1 CompilerThread2" daemon [_thread_blocked, id=3492, stack(0x0000000017030000,0x0000000017130000)]
  0x000000001547e800 JavaThread "C2 CompilerThread1" daemon [_thread_in_native, id=23212, stack(0x0000000016f30000,0x0000000017030000)]
=>0x0000000015438800 JavaThread "C2 CompilerThread0" daemon [_thread_in_native, id=19084, stack(0x0000000016e30000,0x0000000016f30000)]
  0x0000000016873000 JavaThread "Attach Listener" daemon [_thread_blocked, id=8624, stack(0x0000000016d30000,0x0000000016e30000)]
  0x0000000016872800 JavaThread "Signal Dispatcher" daemon [_thread_blocked, id=10464, stack(0x0000000016c30000,0x0000000016d30000)]
  0x000000001540a800 JavaThread "Finalizer" daemon [_thread_blocked, id=18256, stack(0x00000000166a0000,0x00000000167a0000)]
  0x0000000002d41800 JavaThread "Reference Handler" daemon [_thread_blocked, id=22396, stack(0x00000000165a0000,0x00000000166a0000)]
  0x0000000002c4e800 JavaThread "main" [_thread_blocked, id=15172, stack(0x0000000002b30000,0x0000000002c30000)]

Other Threads:
  0x00000000153e8800 VMThread [stack: 0x00000000164a0000,0x00000000165a0000] [id=19324]
  0x00000000168a6800 WatcherThread [stack: 0x0000000017230000,0x0000000017330000] [id=15020]

VM state:not at safepoint (normal execution)

VM Mutex/Monitor currently owned by a thread: None

heap address: 0x00000000c0000000, size: 1024 MB, Compressed Oops mode: 32-bit
Narrow klass base: 0x0000000000000000, Narrow klass shift: 3
Compressed class space size: 1073741824 Address: 0x0000000100000000

Heap:
 PSYoungGen      total 138240K, used 108283K [0x00000000eab00000, 0x00000000f6800000, 0x0000000100000000)
  eden space 108544K, 83% used [0x00000000eab00000,0x00000000f031b7e0,0x00000000f1500000)
  from space 29696K, 60% used [0x00000000f1500000,0x00000000f26a3420,0x00000000f3200000)
  to   space 28160K, 0% used [0x00000000f4c80000,0x00000000f4c80000,0x00000000f6800000)
 ParOldGen       total 162304K, used 79713K [0x00000000c0000000, 0x00000000c9e80000, 0x00000000eab00000)
  object space 162304K, 49% used [0x00000000c0000000,0x00000000c4dd87d8,0x00000000c9e80000)
 Metaspace       used 24778K, capacity 25370K, committed 25600K, reserved 1071104K
  class space    used 2918K, capacity 3053K, committed 3072K, reserved 1048576K

Card table byte_map: [0x0000000012110000,0x0000000012320000] byte_map_base: 0x0000000011b10000

Marking Bits: (ParMarkBitMap*) 0x000000005f983ce0
 Begin Bits: [0x0000000012880000, 0x0000000013880000)
 End Bits:   [0x0000000013880000, 0x0000000014880000)

Polling page: 0x0000000000a10000

CodeCache: size=245760Kb used=9354Kb max_used=9871Kb free=236405Kb
 bounds [0x0000000002d50000, 0x0000000003710000, 0x0000000011d50000]
 total_blobs=3476 nmethods=3034 adapters=354
 compilation: enabled

Compilation events (10 events):
Event: 31.077 Thread 0x0000000015438800 nmethod 3702 0x00000000032c7f90 code [0x00000000032c80e0, 0x00000000032c8568]
Event: 31.087 Thread 0x0000000016896000 3715       3       com.google.gwt.dev.javac.CompilationUnitArchive::addUnit (19 bytes)
Event: 31.088 Thread 0x0000000016896000 nmethod 3715 0x000000000356e290 code [0x000000000356e420, 0x000000000356e7c8]
Event: 31.088 Thread 0x0000000016896000 3716       3       com.google.gwt.thirdparty.guava.common.collect.Maps$1::hasNext (8 bytes)
Event: 31.088 Thread 0x0000000016896000 nmethod 3716 0x000000000356de50 code [0x000000000356dfc0, 0x000000000356e1e8]
Event: 31.088 Thread 0x0000000016896000 3717       3       com.google.gwt.thirdparty.guava.common.collect.Maps$1::next (16 bytes)
Event: 31.088 Thread 0x0000000016896000 nmethod 3717 0x0000000003572790 code [0x0000000003572920, 0x0000000003572cf8]
Event: 31.092 Thread 0x0000000016896000 3718       3       com.google.gwt.thirdparty.guava.common.collect.ImmutableCollection::<init> (5 bytes)
Event: 31.092 Thread 0x0000000016896000 nmethod 3718 0x000000000356d910 code [0x000000000356da80, 0x000000000356dc90]
Event: 31.097 Thread 0x0000000015438800 3719       4       java.io.ObjectInputStream::readArray (453 bytes)

GC Heap History (10 events):
Event: 4.864 GC heap before
{Heap before GC invocations=5 (full 1):
 PSYoungGen      total 71680K, used 66560K [0x00000000eab00000, 0x00000000ef600000, 0x0000000100000000)
  eden space 66560K, 100% used [0x00000000eab00000,0x00000000eec00000,0x00000000eec00000)
  from space 5120K, 0% used [0x00000000eec00000,0x00000000eec00000,0x00000000ef100000)
  to   space 5120K, 0% used [0x00000000ef100000,0x00000000ef100000,0x00000000ef600000)
 ParOldGen       total 87552K, used 34735K [0x00000000c0000000, 0x00000000c5580000, 0x00000000eab00000)
  object space 87552K, 39% used [0x00000000c0000000,0x00000000c21ebcd0,0x00000000c5580000)
 Metaspace       used 19544K, capacity 20028K, committed 20224K, reserved 1067008K
  class space    used 2362K, capacity 2514K, committed 2560K, reserved 1048576K
Event: 4.888 GC heap after
Heap after GC invocations=5 (full 1):
 PSYoungGen      total 71680K, used 5104K [0x00000000eab00000, 0x00000000f3700000, 0x0000000100000000)
  eden space 66560K, 0% used [0x00000000eab00000,0x00000000eab00000,0x00000000eec00000)
  from space 5120K, 99% used [0x00000000ef100000,0x00000000ef5fc050,0x00000000ef600000)
  to   space 5120K, 0% used [0x00000000eec00000,0x00000000eec00000,0x00000000ef100000)
 ParOldGen       total 87552K, used 46534K [0x00000000c0000000, 0x00000000c5580000, 0x00000000eab00000)
  object space 87552K, 53% used [0x00000000c0000000,0x00000000c2d71a20,0x00000000c5580000)
 Metaspace       used 19544K, capacity 20028K, committed 20224K, reserved 1067008K
  class space    used 2362K, capacity 2514K, committed 2560K, reserved 1048576K
}
Event: 6.761 GC heap before
{Heap before GC invocations=6 (full 1):
 PSYoungGen      total 71680K, used 71664K [0x00000000eab00000, 0x00000000f3700000, 0x0000000100000000)
  eden space 66560K, 100% used [0x00000000eab00000,0x00000000eec00000,0x00000000eec00000)
  from space 5120K, 99% used [0x00000000ef100000,0x00000000ef5fc050,0x00000000ef600000)
  to   space 5120K, 0% used [0x00000000eec00000,0x00000000eec00000,0x00000000ef100000)
 ParOldGen       total 87552K, used 46534K [0x00000000c0000000, 0x00000000c5580000, 0x00000000eab00000)
  object space 87552K, 53% used [0x00000000c0000000,0x00000000c2d71a20,0x00000000c5580000)
 Metaspace       used 20647K, capacity 21224K, committed 21376K, reserved 1069056K
  class space    used 2489K, capacity 2650K, committed 2688K, reserved 1048576K
Event: 6.791 GC heap after
Heap after GC invocations=6 (full 1):
 PSYoungGen      total 71680K, used 5088K [0x00000000eab00000, 0x00000000f3700000, 0x0000000100000000)
  eden space 66560K, 0% used [0x00000000eab00000,0x00000000eab00000,0x00000000eec00000)
  from space 5120K, 99% used [0x00000000eec00000,0x00000000ef0f8050,0x00000000ef100000)
  to   space 5120K, 0% used [0x00000000f3200000,0x00000000f3200000,0x00000000f3700000)
 ParOldGen       total 87552K, used 63382K [0x00000000c0000000, 0x00000000c5580000, 0x00000000eab00000)
  object space 87552K, 72% used [0x00000000c0000000,0x00000000c3de5a70,0x00000000c5580000)
 Metaspace       used 20647K, capacity 21224K, committed 21376K, reserved 1069056K
  class space    used 2489K, capacity 2650K, committed 2688K, reserved 1048576K
}
Event: 7.475 GC heap before
{Heap before GC invocations=7 (full 1):
 PSYoungGen      total 71680K, used 71648K [0x00000000eab00000, 0x00000000f3700000, 0x0000000100000000)
  eden space 66560K, 100% used [0x00000000eab00000,0x00000000eec00000,0x00000000eec00000)
  from space 5120K, 99% used [0x00000000eec00000,0x00000000ef0f8050,0x00000000ef100000)
  to   space 5120K, 0% used [0x00000000f3200000,0x00000000f3200000,0x00000000f3700000)
 ParOldGen       total 87552K, used 63382K [0x00000000c0000000, 0x00000000c5580000, 0x00000000eab00000)
  object space 87552K, 72% used [0x00000000c0000000,0x00000000c3de5a70,0x00000000c5580000)
 Metaspace       used 21497K, capacity 22008K, committed 22272K, reserved 1069056K
  class space    used 2580K, capacity 2754K, committed 2816K, reserved 1048576K
Event: 7.511 GC heap after
Heap after GC invocations=7 (full 1):
 PSYoungGen      total 113664K, used 5114K [0x00000000eab00000, 0x00000000f6700000, 0x0000000100000000)
  eden space 108544K, 0% used [0x00000000eab00000,0x00000000eab00000,0x00000000f1500000)
  from space 5120K, 99% used [0x00000000f3200000,0x00000000f36feb08,0x00000000f3700000)
  to   space 29696K, 0% used [0x00000000f1500000,0x00000000f1500000,0x00000000f3200000)
 ParOldGen       total 87552K, used 84159K [0x00000000c0000000, 0x00000000c5580000, 0x00000000eab00000)
  object space 87552K, 96% used [0x00000000c0000000,0x00000000c522fc00,0x00000000c5580000)
 Metaspace       used 21497K, capacity 22008K, committed 22272K, reserved 1069056K
  class space    used 2580K, capacity 2754K, committed 2816K, reserved 1048576K
}
Event: 7.511 GC heap before
{Heap before GC invocations=8 (full 2):
 PSYoungGen      total 113664K, used 5114K [0x00000000eab00000, 0x00000000f6700000, 0x0000000100000000)
  eden space 108544K, 0% used [0x00000000eab00000,0x00000000eab00000,0x00000000f1500000)
  from space 5120K, 99% used [0x00000000f3200000,0x00000000f36feb08,0x00000000f3700000)
  to   space 29696K, 0% used [0x00000000f1500000,0x00000000f1500000,0x00000000f3200000)
 ParOldGen       total 87552K, used 84159K [0x00000000c0000000, 0x00000000c5580000, 0x00000000eab00000)
  object space 87552K, 96% used [0x00000000c0000000,0x00000000c522fc00,0x00000000c5580000)
 Metaspace       used 21497K, capacity 22008K, committed 22272K, reserved 1069056K
  class space    used 2580K, capacity 2754K, committed 2816K, reserved 1048576K
Event: 7.988 GC heap after
Heap after GC invocations=8 (full 2):
 PSYoungGen      total 113664K, used 0K [0x00000000eab00000, 0x00000000f6700000, 0x0000000100000000)
  eden space 108544K, 0% used [0x00000000eab00000,0x00000000eab00000,0x00000000f1500000)
  from space 5120K, 0% used [0x00000000f3200000,0x00000000f3200000,0x00000000f3700000)
  to   space 29696K, 0% used [0x00000000f1500000,0x00000000f1500000,0x00000000f3200000)
 ParOldGen       total 162304K, used 79713K [0x00000000c0000000, 0x00000000c9e80000, 0x00000000eab00000)
  object space 162304K, 49% used [0x00000000c0000000,0x00000000c4dd87d8,0x00000000c9e80000)
 Metaspace       used 21497K, capacity 22008K, committed 22272K, reserved 1069056K
  class space    used 2580K, capacity 2754K, committed 2816K, reserved 1048576K
}
Event: 8.749 GC heap before
{Heap before GC invocations=9 (full 2):
 PSYoungGen      total 113664K, used 108544K [0x00000000eab00000, 0x00000000f6700000, 0x0000000100000000)
  eden space 108544K, 100% used [0x00000000eab00000,0x00000000f1500000,0x00000000f1500000)
  from space 5120K, 0% used [0x00000000f3200000,0x00000000f3200000,0x00000000f3700000)
  to   space 29696K, 0% used [0x00000000f1500000,0x00000000f1500000,0x00000000f3200000)
 ParOldGen       total 162304K, used 79713K [0x00000000c0000000, 0x00000000c9e80000, 0x00000000eab00000)
  object space 162304K, 49% used [0x00000000c0000000,0x00000000c4dd87d8,0x00000000c9e80000)
 Metaspace       used 22115K, capacity 22652K, committed 22784K, reserved 1069056K
  class space    used 2638K, capacity 2792K, committed 2816K, reserved 1048576K
Event: 8.787 GC heap after
Heap after GC invocations=9 (full 2):
 PSYoungGen      total 138240K, used 18061K [0x00000000eab00000, 0x00000000f6800000, 0x0000000100000000)
  eden space 108544K, 0% used [0x00000000eab00000,0x00000000eab00000,0x00000000f1500000)
  from space 29696K, 60% used [0x00000000f1500000,0x00000000f26a3420,0x00000000f3200000)
  to   space 28160K, 0% used [0x00000000f4c80000,0x00000000f4c80000,0x00000000f6800000)
 ParOldGen       total 162304K, used 79713K [0x00000000c0000000, 0x00000000c9e80000, 0x00000000eab00000)
  object space 162304K, 49% used [0x00000000c0000000,0x00000000c4dd87d8,0x00000000c9e80000)
 Metaspace       used 22115K, capacity 22652K, committed 22784K, reserved 1069056K
  class space    used 2638K, capacity 2792K, committed 2816K, reserved 1048576K
}

Deoptimization events (10 events):
Event: 30.535 Thread 0x0000000017aaf000 Uncommon trap: reason=class_check action=maybe_recompile pc=0x00000000032daa80 method=com.google.gwt.core.ext.TreeLogger.branch(Lcom/google/gwt/core/ext/TreeLogger$Type;Ljava/lang/String;)Lcom/google/gwt/core/ext/TreeLogger; @ 5
Event: 30.551 Thread 0x0000000017aaf000 Uncommon trap: reason=class_check action=maybe_recompile pc=0x00000000032daa80 method=com.google.gwt.core.ext.TreeLogger.branch(Lcom/google/gwt/core/ext/TreeLogger$Type;Ljava/lang/String;)Lcom/google/gwt/core/ext/TreeLogger; @ 5
Event: 30.656 Thread 0x0000000017ab1800 Uncommon trap: reason=unstable_if action=reinterpret pc=0x00000000033e8dfc method=java.util.Arrays.sort([Ljava/lang/Object;IILjava/util/Comparator;)V @ 1
Event: 30.738 Thread 0x0000000017ab1800 Uncommon trap: reason=bimorphic action=maybe_recompile pc=0x00000000036fda28 method=java.util.TimSort.binarySort([Ljava/lang/Object;IIILjava/util/Comparator;)V @ 93
Event: 30.738 Thread 0x0000000017ab1800 Uncommon trap: reason=bimorphic action=maybe_recompile pc=0x00000000036fda28 method=java.util.TimSort.binarySort([Ljava/lang/Object;IIILjava/util/Comparator;)V @ 93
Event: 30.738 Thread 0x0000000017ab1800 Uncommon trap: reason=class_check action=maybe_recompile pc=0x00000000035615a8 method=java.io.ObjectInputStream.readArray(Z)Ljava/lang/Object; @ 389
Event: 30.739 Thread 0x0000000017ab1800 Uncommon trap: reason=null_check action=make_not_entrant pc=0x000000000355b18c method=com.google.gwt.dev.util.Util.takeThreadLocalBuf()[B @ 6
Event: 31.072 Thread 0x0000000017ab1800 Uncommon trap: reason=class_check action=maybe_recompile pc=0x00000000035615a8 method=java.io.ObjectInputStream.readArray(Z)Ljava/lang/Object; @ 389
Event: 31.089 Thread 0x0000000017ab1800 Uncommon trap: reason=class_check action=maybe_recompile pc=0x00000000035615a8 method=java.io.ObjectInputStream.readArray(Z)Ljava/lang/Object; @ 389
Event: 31.093 Thread 0x0000000017ab1800 Uncommon trap: reason=class_check action=maybe_recompile pc=0x00000000035615a8 method=java.io.ObjectInputStream.readArray(Z)Ljava/lang/Object; @ 389

Classes redefined (0 events):
No events

Internal exceptions (10 events):
Event: 4.757 Thread 0x0000000002c4e800 Exception <a 'java/security/PrivilegedActionException'> (0x00000000ee6b1810) thrown at [C:\workspace\8-2-build-windows-amd64-cygwin\jdk8u192\11897\hotspot\src\share\vm\prims\jvm.cpp, line 1435]
Event: 4.757 Thread 0x0000000002c4e800 Exception <a 'java/security/PrivilegedActionException'> (0x00000000ee6f0118) thrown at [C:\workspace\8-2-build-windows-amd64-cygwin\jdk8u192\11897\hotspot\src\share\vm\prims\jvm.cpp, line 1435]
Event: 4.758 Thread 0x0000000002c4e800 Exception <a 'java/security/PrivilegedActionException'> (0x00000000ee6f0510) thrown at [C:\workspace\8-2-build-windows-amd64-cygwin\jdk8u192\11897\hotspot\src\share\vm\prims\jvm.cpp, line 1435]
Event: 4.776 Thread 0x0000000002c4e800 Exception <a 'java/lang/NoClassDefFoundError': org/apache/log4j/Category> (0x00000000ee7e83c0) thrown at [C:\workspace\8-2-build-windows-amd64-cygwin\jdk8u192\11897\hotspot\src\share\vm\classfile\systemDictionary.cpp, line 199]
Event: 5.811 Thread 0x00000000177aa000 Exception <a 'java/lang/NoSuchMethodError': <clinit>> (0x00000000ed001880) thrown at [C:\workspace\8-2-build-windows-amd64-cygwin\jdk8u192\11897\hotspot\src\share\vm\prims\jni.cpp, line 1613]
Event: 5.911 Thread 0x00000000177aa000 Exception <a 'java/lang/NoSuchMethodError': <clinit>> (0x00000000ed563b70) thrown at [C:\workspace\8-2-build-windows-amd64-cygwin\jdk8u192\11897\hotspot\src\share\vm\prims\jni.cpp, line 1613]
Event: 6.059 Thread 0x00000000177aa000 Implicit null exception at 0x000000000339a90e to 0x000000000339d3f5
Event: 6.871 Thread 0x00000000177aa000 Exception <a 'java/lang/NoSuchMethodError': <clinit>> (0x00000000ec38eaf0) thrown at [C:\workspace\8-2-build-windows-amd64-cygwin\jdk8u192\11897\hotspot\src\share\vm\prims\jni.cpp, line 1613]
Event: 30.739 Thread 0x0000000017ab1800 Implicit null exception at 0x000000000355a6bc to 0x000000000355b17d
Event: 30.851 Thread 0x0000000017ab2000 Exception <a 'java/io/FileNotFoundException'> (0x00000000efb62118) thrown at [C:\workspace\8-2-build-windows-amd64-cygwin\jdk8u192\11897\hotspot\src\share\vm\prims\jni.cpp, line 709]

Events (10 events):
Event: 31.069 loading class com/google/gwt/thirdparty/guava/common/collect/ImmutableMapValues$1 done
Event: 31.072 Thread 0x0000000017ab1800 Uncommon trap: trap_request=0xffffffde fr.pc=0x00000000035615a8
Event: 31.072 Thread 0x0000000017ab1800 DEOPT PACKING pc=0x00000000035615a8 sp=0x000000001c55d9c0
Event: 31.072 Thread 0x0000000017ab1800 DEOPT UNPACKING pc=0x0000000002d9583b sp=0x000000001c55d9a0 mode 2
Event: 31.089 Thread 0x0000000017ab1800 Uncommon trap: trap_request=0xffffffde fr.pc=0x00000000035615a8
Event: 31.089 Thread 0x0000000017ab1800 DEOPT PACKING pc=0x00000000035615a8 sp=0x000000001c55d9c0
Event: 31.089 Thread 0x0000000017ab1800 DEOPT UNPACKING pc=0x0000000002d9583b sp=0x000000001c55d9a0 mode 2
Event: 31.093 Thread 0x0000000017ab1800 Uncommon trap: trap_request=0xffffffde fr.pc=0x00000000035615a8
Event: 31.093 Thread 0x0000000017ab1800 DEOPT PACKING pc=0x00000000035615a8 sp=0x000000001c55d9c0
Event: 31.093 Thread 0x0000000017ab1800 DEOPT UNPACKING pc=0x0000000002d9583b sp=0x000000001c55d9a0 mode 2


Dynamic libraries:
0x00007ff688370000 - 0x00007ff6883a7000 	C:\Program Files\Java\jre1.8.0_192\bin\javaw.exe
0x00007ff88c430000 - 0x00007ff88c611000 	C:\WINDOWS\SYSTEM32\ntdll.dll
0x00007ff889e60000 - 0x00007ff889f12000 	C:\WINDOWS\System32\KERNEL32.DLL
0x00007ff8888f0000 - 0x00007ff888b63000 	C:\WINDOWS\System32\KERNELBASE.dll
0x00007ff88bf40000 - 0x00007ff88bfe1000 	C:\WINDOWS\System32\ADVAPI32.dll
0x00007ff88bff0000 - 0x00007ff88c08e000 	C:\WINDOWS\System32\msvcrt.dll
0x00007ff88bb40000 - 0x00007ff88bb9b000 	C:\WINDOWS\System32\sechost.dll
0x00007ff88c260000 - 0x00007ff88c384000 	C:\WINDOWS\System32\RPCRT4.dll
0x00007ff88b3b0000 - 0x00007ff88b540000 	C:\WINDOWS\System32\USER32.dll
0x00007ff8898a0000 - 0x00007ff8898c0000 	C:\WINDOWS\System32\win32u.dll
0x00007ff889f20000 - 0x00007ff889f48000 	C:\WINDOWS\System32\GDI32.dll
0x00007ff889650000 - 0x00007ff8897e2000 	C:\WINDOWS\System32\gdi32full.dll
0x00007ff888850000 - 0x00007ff8888ef000 	C:\WINDOWS\System32\msvcp_win.dll
0x00007ff888e40000 - 0x00007ff888f3a000 	C:\WINDOWS\System32\ucrtbase.dll
0x00007ff874280000 - 0x00007ff8744e9000 	C:\WINDOWS\WinSxS\amd64_microsoft.windows.common-controls_6595b64144ccf1df_6.0.17134.407_none_fb449d63306391e9\COMCTL32.dll
0x00007ff8898c0000 - 0x00007ff889be2000 	C:\WINDOWS\System32\combase.dll
0x00007ff888dc0000 - 0x00007ff888e3a000 	C:\WINDOWS\System32\bcryptPrimitives.dll
0x00007ff88c230000 - 0x00007ff88c25d000 	C:\WINDOWS\System32\IMM32.DLL
0x00000000609f0000 - 0x0000000060ac1000 	C:\Program Files\Java\jre1.8.0_192\bin\msvcr100.dll
0x000000005f160000 - 0x000000005fa03000 	C:\Program Files\Java\jre1.8.0_192\bin\server\jvm.dll
0x00007ff88bb30000 - 0x00007ff88bb38000 	C:\WINDOWS\System32\PSAPI.DLL
0x00007ff879360000 - 0x00007ff879369000 	C:\WINDOWS\SYSTEM32\WSOCK32.dll
0x00007ff88c390000 - 0x00007ff88c3fc000 	C:\WINDOWS\System32\WS2_32.dll
0x00007ff87d370000 - 0x00007ff87d393000 	C:\WINDOWS\SYSTEM32\WINMM.dll
0x00007ff882f40000 - 0x00007ff882f4a000 	C:\WINDOWS\SYSTEM32\VERSION.dll
0x00007ff87d340000 - 0x00007ff87d36a000 	C:\WINDOWS\SYSTEM32\WINMMBASE.dll
0x00007ff888800000 - 0x00007ff888849000 	C:\WINDOWS\System32\cfgmgr32.dll
0x00007ff8873d0000 - 0x00007ff8873df000 	C:\Program Files\Java\jre1.8.0_192\bin\verify.dll
0x00007ff886230000 - 0x00007ff886259000 	C:\Program Files\Java\jre1.8.0_192\bin\java.dll
0x00007ff8873a0000 - 0x00007ff8873b6000 	C:\Program Files\Java\jre1.8.0_192\bin\zip.dll
0x00007ff889f70000 - 0x00007ff88b3af000 	C:\WINDOWS\System32\SHELL32.dll
0x00007ff88c120000 - 0x00007ff88c1c9000 	C:\WINDOWS\System32\shcore.dll
0x00007ff888f40000 - 0x00007ff88964d000 	C:\WINDOWS\System32\windows.storage.dll
0x00007ff88bd10000 - 0x00007ff88bd61000 	C:\WINDOWS\System32\shlwapi.dll
0x00007ff8887e0000 - 0x00007ff8887f1000 	C:\WINDOWS\System32\kernel.appcore.dll
0x00007ff8887c0000 - 0x00007ff8887df000 	C:\WINDOWS\System32\profapi.dll
0x00007ff888770000 - 0x00007ff8887bc000 	C:\WINDOWS\System32\powrprof.dll
0x00007ff888740000 - 0x00007ff88874a000 	C:\WINDOWS\System32\FLTLIB.DLL
0x00007ff8866d0000 - 0x00007ff8866ea000 	C:\Program Files\Java\jre1.8.0_192\bin\net.dll
0x00007ff887fc0000 - 0x00007ff888026000 	C:\WINDOWS\system32\mswsock.dll
0x00007ff887d80000 - 0x00007ff887e3e000 	C:\WINDOWS\SYSTEM32\DNSAPI.dll
0x00007ff88c110000 - 0x00007ff88c118000 	C:\WINDOWS\System32\NSI.dll
0x00007ff887d40000 - 0x00007ff887d78000 	C:\WINDOWS\SYSTEM32\IPHLPAPI.DLL
0x00007ff880770000 - 0x00007ff88077a000 	C:\Windows\System32\rasadhlp.dll
0x00007ff880f50000 - 0x00007ff880fc2000 	C:\WINDOWS\System32\fwpuclnt.dll
0x00007ff8882a0000 - 0x00007ff8882c5000 	C:\WINDOWS\SYSTEM32\bcrypt.dll
0x00007ff888180000 - 0x00007ff888197000 	C:\WINDOWS\SYSTEM32\CRYPTSP.dll
0x00007ff887ba0000 - 0x00007ff887bd3000 	C:\WINDOWS\system32\rsaenh.dll
0x00007ff888670000 - 0x00007ff888698000 	C:\WINDOWS\SYSTEM32\USERENV.dll
0x00007ff888170000 - 0x00007ff88817b000 	C:\WINDOWS\SYSTEM32\CRYPTBASE.dll
0x00007ff8825b0000 - 0x00007ff8825c6000 	C:\WINDOWS\SYSTEM32\dhcpcsvc6.DLL
0x00007ff882790000 - 0x00007ff8827aa000 	C:\WINDOWS\SYSTEM32\dhcpcsvc.DLL
0x00007ff8866a0000 - 0x00007ff8866b1000 	C:\Program Files\Java\jre1.8.0_192\bin\nio.dll
0x00007ff855f50000 - 0x00007ff8560e9000 	C:\Program Files\Java\jre1.8.0_192\bin\awt.dll
0x00007ff88be70000 - 0x00007ff88bf32000 	C:\WINDOWS\System32\OLEAUT32.dll
0x00007ff885080000 - 0x00007ff88510b000 	C:\WINDOWS\SYSTEM32\apphelp.dll
0x00007ff86fc00000 - 0x00007ff86fc24000 	C:\Program Files\Java\jre1.8.0_192\bin\sunec.dll
0x00007ff8867e0000 - 0x00007ff8867eb000 	C:\Program Files\Java\jre1.8.0_192\bin\sunmscapi.dll
0x00007ff888bd0000 - 0x00007ff888db2000 	C:\WINDOWS\System32\CRYPT32.dll
0x00007ff888750000 - 0x00007ff888762000 	C:\WINDOWS\System32\MSASN1.dll
0x00007ff887450000 - 0x00007ff88745d000 	C:\Program Files\Java\jre1.8.0_192\bin\management.dll
0x00007ff886ab0000 - 0x00007ff886ad9000 	C:\WINDOWS\system32\DWMAPI.DLL
0x00007ff8860b0000 - 0x00007ff886148000 	C:\WINDOWS\system32\uxtheme.dll

VM Arguments:
jvm_args: -Xmx1g -Dfile.encoding=MS949 
java_command: com.google.gwt.dev.DevMode -remoteUI 62518:803177446634857 -startupUrl PML.html -logLevel INFO -codeServerPort 9997 -port 8888 -war D:\프밍응용2 eclipse\PML-individual_Project\war kr.ac.sunmoon.PML
java_class_path (initial): D:\프밍응용2 eclipse\PML-individual_Project\src;D:\프밍응용2 eclipse\PML-individual_Project\test-classes;D:\프밍응용2 eclipse\PML-individual_Project\war\WEB-INF\classes;C:\Users\fix91\Desktop\eclipse\plugins\com.gwtplugins.gwt.eclipse.sdkbundle.gwt27_2.7.0.201710131939\gwt-2.7.0\gwt-user.jar;C:\Users\fix91\Desktop\eclipse\plugins\com.gwtplugins.gwt.eclipse.sdkbundle.gwt27_2.7.0.201710131939\gwt-2.7.0\gwt-codeserver.jar;C:\Users\fix91\Desktop\eclipse\plugins\com.gwtplugins.gwt.eclipse.sdkbundle.gwt27_2.7.0.201710131939\gwt-2.7.0\gwt-dev.jar;C:\Users\fix91\Desktop\eclipse\plugins\com.gwtplugins.gwt.eclipse.sdkbundle.gwt27_2.7.0.201710131939\gwt-2.7.0\validation-api-1.0.0.GA-sources.jar;C:\Users\fix91\Desktop\eclipse\plugins\com.gwtplugins.gwt.eclipse.sdkbundle.gwt27_2.7.0.201710131939\gwt-2.7.0\validation-api-1.0.0.GA.jar;D:\프밍응용2 eclipse\PML-individual_Project\war\WEB-INF\lib\mysql-connector-java-5.1.47.jar
Launcher Type: SUN_STANDARD

Environment Variables:
PATH=C:/Program Files/Java/jre1.8.0_192/bin/server;C:/Program Files/Java/jre1.8.0_192/bin;C:/Program Files/Java/jre1.8.0_192/lib/amd64;C:\Program Files (x86)\Common Files\Oracle\Java\javapath;C:\Program Files (x86)\Intel\iCLS Client\;C:\Program Files\Intel\iCLS Client\;C:\WINDOWS\system32;C:\WINDOWS;C:\WINDOWS\System32\Wbem;C:\WINDOWS\System32\WindowsPowerShell\v1.0\;C:\Program Files (x86)\Intel\Intel(R) Management Engine Components\DAL;C:\Program Files\Intel\Intel(R) Management Engine Components\DAL;C:\Program Files (x86)\Intel\Intel(R) Management Engine Components\IPT;C:\Program Files\Intel\Intel(R) Management Engine Components\IPT;C:\WINDOWS\System32\OpenSSH\;C:\Program Files\Intel\WiFi\bin\;C:\Program Files\Common Files\Intel\WirelessCommon\;C:\Program Files\Git\cmd;C:\Users\fix91\AppData\Local\Programs\Python\Python37\Scripts\;C:\Users\fix91\AppData\Local\Programs\Python\Python37\;C:\Users\fix91\AppData\Local\Microsoft\WindowsApps;C:\Program Files\Intel\WiFi\bin\;C:\Program Files\Common Files\Intel\WirelessCommon\;;C:\Users\fix91\Desktop\eclipse;
USERNAME=fix91
OS=Windows_NT
PROCESSOR_IDENTIFIER=Intel64 Family 6 Model 142 Stepping 9, GenuineIntel



---------------  S Y S T E M  ---------------

OS: Windows 10.0 , 64 bit Build 17134 (10.0.17134.1)

CPU:total 4 (initial active 4) (2 cores per cpu, 2 threads per core) family 6 model 142 stepping 9, cmov, cx8, fxsr, mmx, sse, sse2, sse3, ssse3, sse4.1, sse4.2, popcnt, avx, avx2, aes, clmul, erms, 3dnowpref, lzcnt, ht, tsc, tscinvbit, bmi1, bmi2, adx

Memory: 4k page, physical 8300456k(2902100k free), swap 32113828k(336k free)

vm_info: Java HotSpot(TM) 64-Bit Server VM (25.192-b12) for windows-amd64 JRE (1.8.0_192-b12), built on Oct  6 2018 17:12:23 by "java_re" with MS VC++ 10.0 (VS2010)

time: Fri Nov 30 03:21:05 2018
timezone: 대한민국 표준시
elapsed time: 31 seconds (0d 0h 0m 31s)

