#
# There is insufficient memory for the Java Runtime Environment to continue.
# Native memory allocation (malloc) failed to allocate 817696 bytes for Chunk::new
# Possible reasons:
#   The system is out of physical RAM or swap space
#   The process is running with CompressedOops enabled, and the Java Heap may be blocking the growth of the native heap
# Possible solutions:
#   Reduce memory load on the system
#   Increase physical memory or swap space
#   Check if swap backing store is full
#   Decrease Java heap size (-Xmx/-Xms)
#   Decrease number of Java threads
#   Decrease Java thread stack sizes (-Xss)
#   Set larger code cache with -XX:ReservedCodeCacheSize=
#   JVM is running with Unscaled Compressed Oops mode in which the Java heap is
#     placed in the first 4GB address space. The Java Heap base address is the
#     maximum limit for the native heap growth. Please use -XX:HeapBaseMinAddress
#     to set the Java Heap base and to place the Java Heap above 4GB virtual address.
# This output file may be truncated or incomplete.
#
#  Out of Memory Error (allocation.cpp:390), pid=17016, tid=0x0000000000005060
#
# JRE version: Java(TM) SE Runtime Environment (8.0_192-b12) (build 1.8.0_192-b12)
# Java VM: Java HotSpot(TM) 64-Bit Server VM (25.192-b12 mixed mode windows-amd64 compressed oops)
# Failed to write core dump. Minidumps are not enabled by default on client versions of Windows
#

---------------  T H R E A D  ---------------

Current thread (0x0000000015d59000):  JavaThread "C2 CompilerThread0" daemon [_thread_in_native, id=20576, stack(0x0000000017740000,0x0000000017840000)]

Stack: [0x0000000017740000,0x0000000017840000]
[error occurred during error reporting (printing stack bounds), id 0xc0000005]

Native frames: (J=compiled Java code, j=interpreted, Vv=VM code, C=native code)


Current CompileTask:
C2:  17255 3995   !   4       java.io.ObjectInputStream::readOrdinaryObject (322 bytes)


---------------  P R O C E S S  ---------------

Java Threads: ( => current thread )
  0x0000000017442000 JavaThread "pool-3-thread-1" [_thread_in_Java, id=20984, stack(0x000000001de60000,0x000000001df60000)]
  0x0000000017448800 JavaThread "qtp1481066546-42" [_thread_blocked, id=12316, stack(0x000000001db60000,0x000000001dc60000)]
  0x0000000017441000 JavaThread "qtp1481066546-41" [_thread_blocked, id=19120, stack(0x000000001da60000,0x000000001db60000)]
  0x0000000017448000 JavaThread "qtp1481066546-40" [_thread_blocked, id=19252, stack(0x000000001d960000,0x000000001da60000)]
  0x0000000017440800 JavaThread "qtp1481066546-39" [_thread_blocked, id=17788, stack(0x000000001d860000,0x000000001d960000)]
  0x0000000017447000 JavaThread "qtp1481066546-38" [_thread_blocked, id=3060, stack(0x000000001d760000,0x000000001d860000)]
  0x0000000017444000 JavaThread "qtp1481066546-37" [_thread_blocked, id=12360, stack(0x000000001d660000,0x000000001d760000)]
  0x0000000017445800 JavaThread "qtp1481066546-36 Acceptor0 SelectChannelConnector@127.0.0.1:9876" [_thread_in_native, id=5852, stack(0x000000001d560000,0x000000001d660000)]
  0x0000000017446800 JavaThread "qtp1481066546-35 Selector0" [_thread_in_native, id=11344, stack(0x000000001d460000,0x000000001d560000)]
  0x0000000017443800 JavaThread "HashSessionScavenger-1" daemon [_thread_blocked, id=19700, stack(0x000000001d360000,0x000000001d460000)]
  0x0000000017445000 JavaThread "pool-2-thread-1" daemon [_thread_blocked, id=3736, stack(0x000000001c290000,0x000000001c390000)]
  0x0000000017442800 JavaThread "qtp224468764-29" [_thread_blocked, id=18620, stack(0x000000001be90000,0x000000001bf90000)]
  0x0000000015d72800 JavaThread "qtp224468764-28" [_thread_blocked, id=14828, stack(0x000000001bd90000,0x000000001be90000)]
  0x0000000015d71000 JavaThread "qtp224468764-27" [_thread_blocked, id=11260, stack(0x000000001bc90000,0x000000001bd90000)]
  0x0000000015d70000 JavaThread "qtp224468764-26" [_thread_blocked, id=13620, stack(0x000000001bb90000,0x000000001bc90000)]
  0x0000000015d6f800 JavaThread "qtp224468764-25" [_thread_blocked, id=18908, stack(0x000000001ba90000,0x000000001bb90000)]
  0x0000000015d6e000 JavaThread "qtp224468764-24 Acceptor0 SelectChannelConnector@127.0.0.1:8888" [_thread_in_native, id=20444, stack(0x000000001b990000,0x000000001ba90000)]
  0x0000000015d73000 JavaThread "qtp224468764-23" [_thread_blocked, id=15032, stack(0x000000001b890000,0x000000001b990000)]
  0x0000000015d74800 JavaThread "qtp224468764-22 Selector0" [_thread_in_native, id=3140, stack(0x000000001b790000,0x000000001b890000)]
  0x0000000015d71800 JavaThread "HashSessionScavenger-0" daemon [_thread_blocked, id=14808, stack(0x000000001b690000,0x000000001b790000)]
  0x0000000018ee0800 JavaThread "GC Daemon" daemon [_thread_blocked, id=12912, stack(0x000000001b390000,0x000000001b490000)]
  0x0000000017e20000 JavaThread "pool-1-thread-1" [_thread_blocked, id=3280, stack(0x0000000018840000,0x0000000018940000)]
  0x0000000017de8800 JavaThread "Thread-2" daemon [_thread_blocked, id=21288, stack(0x0000000018640000,0x0000000018740000)]
  0x0000000017d5b000 JavaThread "Thread-1" [_thread_in_native, id=8712, stack(0x0000000018540000,0x0000000018640000)]
  0x00000000171d6000 JavaThread "Service Thread" daemon [_thread_blocked, id=22268, stack(0x0000000017a40000,0x0000000017b40000)]
  0x0000000015d6e800 JavaThread "C1 CompilerThread2" daemon [_thread_in_vm, id=23412, stack(0x0000000017940000,0x0000000017a40000)]
  0x0000000015d5c800 JavaThread "C2 CompilerThread1" daemon [_thread_in_native, id=14804, stack(0x0000000017840000,0x0000000017940000)]
=>0x0000000015d59000 JavaThread "C2 CompilerThread0" daemon [_thread_in_native, id=20576, stack(0x0000000017740000,0x0000000017840000)]
  0x0000000017183000 JavaThread "Attach Listener" daemon [_thread_blocked, id=6432, stack(0x0000000017640000,0x0000000017740000)]
  0x0000000017182800 JavaThread "Signal Dispatcher" daemon [_thread_blocked, id=2252, stack(0x0000000017540000,0x0000000017640000)]
  0x0000000015d2a800 JavaThread "Finalizer" daemon [_thread_blocked, id=15260, stack(0x0000000016fb0000,0x00000000170b0000)]
  0x0000000003662000 JavaThread "Reference Handler" daemon [_thread_blocked, id=17588, stack(0x0000000016eb0000,0x0000000016fb0000)]
  0x000000000356e800 JavaThread "main" [_thread_blocked, id=21340, stack(0x0000000003400000,0x0000000003500000)]

Other Threads:
  0x0000000015d08800 VMThread [stack: 0x0000000016db0000,0x0000000016eb0000] [id=12120]
  0x0000000017203000 WatcherThread [stack: 0x0000000017b40000,0x0000000017c40000] [id=23068]

VM state:not at safepoint (normal execution)

VM Mutex/Monitor currently owned by a thread: None

heap address: 0x00000000c0000000, size: 1024 MB, Compressed Oops mode: 32-bit
Narrow klass base: 0x0000000000000000, Narrow klass shift: 3
Compressed class space size: 1073741824 Address: 0x0000000100000000

Heap:
 PSYoungGen      total 102400K, used 45738K [0x00000000eab00000, 0x00000000fff00000, 0x0000000100000000)
  eden space 97280K, 47% used [0x00000000eab00000,0x00000000ed7aab48,0x00000000f0a00000)
  from space 5120K, 0% used [0x00000000f3200000,0x00000000f3200000,0x00000000f3700000)
  to   space 40960K, 0% used [0x00000000f0a00000,0x00000000f0a00000,0x00000000f3200000)
 ParOldGen       total 87552K, used 87481K [0x00000000c0000000, 0x00000000c5580000, 0x00000000eab00000)
  object space 87552K, 99% used [0x00000000c0000000,0x00000000c556e618,0x00000000c5580000)
 Metaspace       used 25683K, capacity 26376K, committed 26496K, reserved 1073152K
  class space    used 3009K, capacity 3178K, committed 3200K, reserved 1048576K

Card table byte_map: [0x0000000012a30000,0x0000000012c40000] byte_map_base: 0x0000000012430000

Marking Bits: (ParMarkBitMap*) 0x000000005f983ce0
 Begin Bits: [0x00000000131a0000, 0x00000000141a0000)
 End Bits:   [0x00000000141a0000, 0x00000000151a0000)

Polling page: 0x0000000001780000

CodeCache: size=245760Kb used=10898Kb max_used=11578Kb free=234861Kb
 bounds [0x0000000003670000, 0x00000000041d0000, 0x0000000012670000]
 total_blobs=3629 nmethods=3186 adapters=355
 compilation: enabled

Compilation events (10 events):
Event: 17.242 Thread 0x0000000015d6e800 4042       1       java.lang.reflect.Constructor::getSignature (5 bytes)
Event: 17.243 Thread 0x0000000015d6e800 nmethod 4042 0x000000000397fa50 code [0x000000000397fba0, 0x000000000397fcb0]
Event: 17.243 Thread 0x0000000015d6e800 4043       1       java.lang.reflect.Constructor::getRawAnnotations (5 bytes)
Event: 17.243 Thread 0x0000000015d6e800 nmethod 4043 0x00000000039e1c10 code [0x00000000039e1d60, 0x00000000039e1e70]
Event: 17.243 Thread 0x0000000015d6e800 4044       1       java.lang.reflect.Constructor::getRawParameterAnnotations (5 bytes)
Event: 17.243 Thread 0x0000000015d6e800 nmethod 4044 0x00000000039f90d0 code [0x00000000039f9220, 0x00000000039f9330]
Event: 17.244 Thread 0x0000000015d6e800 4045       1       java.io.ObjectStreamClass::access$1600 (5 bytes)
Event: 17.244 Thread 0x0000000015d6e800 nmethod 4045 0x0000000003a67810 code [0x0000000003a67960, 0x0000000003a67a50]
Event: 17.244 Thread 0x0000000015d6e800 4046       1       java.io.ObjectStreamClass::access$1300 (5 bytes)
Event: 17.244 Thread 0x0000000015d6e800 nmethod 4046 0x00000000038af490 code [0x00000000038af5e0, 0x00000000038af6d0]

GC Heap History (10 events):
Event: 6.851 GC heap before
{Heap before GC invocations=8 (full 2):
 PSYoungGen      total 102400K, used 5088K [0x00000000eab00000, 0x00000000fff00000, 0x0000000100000000)
  eden space 97280K, 0% used [0x00000000eab00000,0x00000000eab00000,0x00000000f0a00000)
  from space 5120K, 99% used [0x00000000f3200000,0x00000000f36f8030,0x00000000f3700000)
  to   space 40960K, 0% used [0x00000000f0a00000,0x00000000f0a00000,0x00000000f3200000)
 ParOldGen       total 87552K, used 78268K [0x00000000c0000000, 0x00000000c5580000, 0x00000000eab00000)
  object space 87552K, 89% used [0x00000000c0000000,0x00000000c4c6f3e0,0x00000000c5580000)
 Metaspace       used 21340K, capacity 21826K, committed 21888K, reserved 1069056K
  class space    used 2559K, capacity 2681K, committed 2688K, reserved 1048576K
Event: 7.168 GC heap after
Heap after GC invocations=8 (full 2):
 PSYoungGen      total 102400K, used 0K [0x00000000eab00000, 0x00000000fff00000, 0x0000000100000000)
  eden space 97280K, 0% used [0x00000000eab00000,0x00000000eab00000,0x00000000f0a00000)
  from space 5120K, 0% used [0x00000000f3200000,0x00000000f3200000,0x00000000f3700000)
  to   space 40960K, 0% used [0x00000000f0a00000,0x00000000f0a00000,0x00000000f3200000)
 ParOldGen       total 87552K, used 71725K [0x00000000c0000000, 0x00000000c5580000, 0x00000000eab00000)
  object space 87552K, 81% used [0x00000000c0000000,0x00000000c460b500,0x00000000c5580000)
 Metaspace       used 21340K, capacity 21826K, committed 21888K, reserved 1069056K
  class space    used 2559K, capacity 2681K, committed 2688K, reserved 1048576K
}
Event: 7.732 GC heap before
{Heap before GC invocations=9 (full 3):
 PSYoungGen      total 102400K, used 97280K [0x00000000eab00000, 0x00000000fff00000, 0x0000000100000000)
  eden space 97280K, 100% used [0x00000000eab00000,0x00000000f0a00000,0x00000000f0a00000)
  from space 5120K, 0% used [0x00000000f3200000,0x00000000f3200000,0x00000000f3700000)
  to   space 40960K, 0% used [0x00000000f0a00000,0x00000000f0a00000,0x00000000f3200000)
 ParOldGen       total 87552K, used 71725K [0x00000000c0000000, 0x00000000c5580000, 0x00000000eab00000)
  object space 87552K, 81% used [0x00000000c0000000,0x00000000c460b500,0x00000000c5580000)
 Metaspace       used 22049K, capacity 22566K, committed 22784K, reserved 1069056K
  class space    used 2619K, capacity 2751K, committed 2816K, reserved 1048576K
Event: 8.472 GC heap after
Heap after GC invocations=9 (full 3):
 PSYoungGen      total 102400K, used 2587K [0x00000000eab00000, 0x00000000fff00000, 0x0000000100000000)
  eden space 97280K, 2% used [0x00000000eab00000,0x00000000ead86f28,0x00000000f0a00000)
  from space 5120K, 0% used [0x00000000f3200000,0x00000000f3200000,0x00000000f3700000)
  to   space 40960K, 0% used [0x00000000f0a00000,0x00000000f0a00000,0x00000000f3200000)
 ParOldGen       total 87552K, used 87512K [0x00000000c0000000, 0x00000000c5580000, 0x00000000eab00000)
  object space 87552K, 99% used [0x00000000c0000000,0x00000000c55762d8,0x00000000c5580000)
 Metaspace       used 22049K, capacity 22566K, committed 22784K, reserved 1069056K
  class space    used 2619K, capacity 2751K, committed 2816K, reserved 1048576K
}
Event: 13.960 GC heap before
{Heap before GC invocations=10 (full 4):
 PSYoungGen      total 102400K, used 97280K [0x00000000eab00000, 0x00000000fff00000, 0x0000000100000000)
  eden space 97280K, 100% used [0x00000000eab00000,0x00000000f0a00000,0x00000000f0a00000)
  from space 5120K, 0% used [0x00000000f3200000,0x00000000f3200000,0x00000000f3700000)
  to   space 40960K, 0% used [0x00000000f0a00000,0x00000000f0a00000,0x00000000f3200000)
 ParOldGen       total 87552K, used 87512K [0x00000000c0000000, 0x00000000c5580000, 0x00000000eab00000)
  object space 87552K, 99% used [0x00000000c0000000,0x00000000c55762d8,0x00000000c5580000)
 Metaspace       used 24735K, capacity 25310K, committed 25344K, reserved 1071104K
  class space    used 2901K, capacity 3043K, committed 3072K, reserved 1048576K
Event: 14.160 GC heap after
Heap after GC invocations=10 (full 4):
 PSYoungGen      total 102400K, used 0K [0x00000000eab00000, 0x00000000fff00000, 0x0000000100000000)
  eden space 97280K, 0% used [0x00000000eab00000,0x00000000eab00000,0x00000000f0a00000)
  from space 5120K, 0% used [0x00000000f3200000,0x00000000f3200000,0x00000000f3700000)
  to   space 40960K, 0% used [0x00000000f0a00000,0x00000000f0a00000,0x00000000f3200000)
 ParOldGen       total 87552K, used 61459K [0x00000000c0000000, 0x00000000c5580000, 0x00000000eab00000)
  object space 87552K, 70% used [0x00000000c0000000,0x00000000c3c04c98,0x00000000c5580000)
 Metaspace       used 24735K, capacity 25310K, committed 25344K, reserved 1071104K
  class space    used 2901K, capacity 3043K, committed 3072K, reserved 1048576K
}
Event: 15.561 GC heap before
{Heap before GC invocations=11 (full 5):
 PSYoungGen      total 102400K, used 97280K [0x00000000eab00000, 0x00000000fff00000, 0x0000000100000000)
  eden space 97280K, 100% used [0x00000000eab00000,0x00000000f0a00000,0x00000000f0a00000)
  from space 5120K, 0% used [0x00000000f3200000,0x00000000f3200000,0x00000000f3700000)
  to   space 40960K, 0% used [0x00000000f0a00000,0x00000000f0a00000,0x00000000f3200000)
 ParOldGen       total 87552K, used 61459K [0x00000000c0000000, 0x00000000c5580000, 0x00000000eab00000)
  object space 87552K, 70% used [0x00000000c0000000,0x00000000c3c04c98,0x00000000c5580000)
 Metaspace       used 24871K, capacity 25422K, committed 25600K, reserved 1071104K
  class space    used 2911K, capacity 3051K, committed 3072K, reserved 1048576K
Event: 15.724 GC heap after
Heap after GC invocations=11 (full 5):
 PSYoungGen      total 102400K, used 0K [0x00000000eab00000, 0x00000000fff00000, 0x0000000100000000)
  eden space 97280K, 0% used [0x00000000eab00000,0x00000000eab00000,0x00000000f0a00000)
  from space 5120K, 0% used [0x00000000f3200000,0x00000000f3200000,0x00000000f3700000)
  to   space 40960K, 0% used [0x00000000f0a00000,0x00000000f0a00000,0x00000000f3200000)
 ParOldGen       total 87552K, used 73728K [0x00000000c0000000, 0x00000000c5580000, 0x00000000eab00000)
  object space 87552K, 84% used [0x00000000c0000000,0x00000000c4800358,0x00000000c5580000)
 Metaspace       used 24871K, capacity 25422K, committed 25600K, reserved 1071104K
  class space    used 2911K, capacity 3051K, committed 3072K, reserved 1048576K
}
Event: 16.188 GC heap before
{Heap before GC invocations=12 (full 6):
 PSYoungGen      total 102400K, used 97280K [0x00000000eab00000, 0x00000000fff00000, 0x0000000100000000)
  eden space 97280K, 100% used [0x00000000eab00000,0x00000000f0a00000,0x00000000f0a00000)
  from space 5120K, 0% used [0x00000000f3200000,0x00000000f3200000,0x00000000f3700000)
  to   space 40960K, 0% used [0x00000000f0a00000,0x00000000f0a00000,0x00000000f3200000)
 ParOldGen       total 87552K, used 73728K [0x00000000c0000000, 0x00000000c5580000, 0x00000000eab00000)
  object space 87552K, 84% used [0x00000000c0000000,0x00000000c4800358,0x00000000c5580000)
 Metaspace       used 24879K, capacity 25428K, committed 25600K, reserved 1071104K
  class space    used 2912K, capacity 3052K, committed 3072K, reserved 1048576K
Event: 16.984 GC heap after
Heap after GC invocations=12 (full 6):
 PSYoungGen      total 102400K, used 4896K [0x00000000eab00000, 0x00000000fff00000, 0x0000000100000000)
  eden space 97280K, 5% used [0x00000000eab00000,0x00000000eafc8310,0x00000000f0a00000)
  from space 5120K, 0% used [0x00000000f3200000,0x00000000f3200000,0x00000000f3700000)
  to   space 40960K, 0% used [0x00000000f0a00000,0x00000000f0a00000,0x00000000f3200000)
 ParOldGen       total 87552K, used 87481K [0x00000000c0000000, 0x00000000c5580000, 0x00000000eab00000)
  object space 87552K, 99% used [0x00000000c0000000,0x00000000c556e618,0x00000000c5580000)
 Metaspace       used 24879K, capacity 25428K, committed 25600K, reserved 1071104K
  class space    used 2912K, capacity 3052K, committed 3072K, reserved 1048576K
}

Deoptimization events (10 events):
Event: 17.154 Thread 0x0000000017442000 Uncommon trap: reason=class_check action=maybe_recompile pc=0x0000000003d277ec method=java.io.ObjectInputStream$PeekInputStream.read([BII)I @ 20
Event: 17.154 Thread 0x0000000017442000 Uncommon trap: reason=class_check action=maybe_recompile pc=0x0000000003cc58fc method=java.io.ObjectInputStream$PeekInputStream.read()I @ 23
Event: 17.164 Thread 0x0000000017442000 Uncommon trap: reason=class_check action=maybe_recompile pc=0x0000000003cd29a0 method=java.io.ObjectInputStream$PeekInputStream.peek()I @ 17
Event: 17.211 Thread 0x0000000017442000 Uncommon trap: reason=unstable_if action=reinterpret pc=0x00000000037f76f8 method=java.io.ObjectInputStream$HandleTable.markDependency(II)V @ 140
Event: 17.220 Thread 0x0000000017442000 Uncommon trap: reason=class_check action=maybe_recompile pc=0x0000000003810754 method=java.util.AbstractCollection.remove(Ljava/lang/Object;)Z @ 1
Event: 17.232 Thread 0x0000000017442000 Uncommon trap: reason=unstable_if action=reinterpret pc=0x0000000003c4ce74 method=java.io.ObjectInputStream$HandleTable.markDependency(II)V @ 140
Event: 17.238 Thread 0x0000000017442000 Uncommon trap: reason=unstable_if action=reinterpret pc=0x0000000003cad3c4 method=java.io.ObjectInputStream$HandleTable.markDependency(II)V @ 140
Event: 17.241 Thread 0x0000000017442000 Uncommon trap: reason=predicate action=maybe_recompile pc=0x0000000003a9c4fc method=com.google.gwt.dev.util.collect.HashSet.findOrEmpty(Ljava/lang/Object;)I @ 19
Event: 17.246 Thread 0x0000000017442000 Uncommon trap: reason=class_check action=maybe_recompile pc=0x0000000003810754 method=java.util.AbstractCollection.remove(Ljava/lang/Object;)Z @ 1
Event: 17.246 Thread 0x0000000017442000 Uncommon trap: reason=class_check action=maybe_recompile pc=0x0000000003810754 method=java.util.AbstractCollection.remove(Ljava/lang/Object;)Z @ 1

Classes redefined (0 events):
No events

Internal exceptions (10 events):
Event: 17.213 Thread 0x0000000017442000 Exception <a 'java/lang/NoSuchMethodError': <clinit>> (0x00000000ed590780) thrown at [C:\workspace\8-2-build-windows-amd64-cygwin\jdk8u192\11897\hotspot\src\share\vm\prims\jni.cpp, line 1613]
Event: 17.215 Thread 0x0000000017442000 Exception <a 'java/lang/NoSuchMethodError': <clinit>> (0x00000000ed5b7138) thrown at [C:\workspace\8-2-build-windows-amd64-cygwin\jdk8u192\11897\hotspot\src\share\vm\prims\jni.cpp, line 1613]
Event: 17.220 Thread 0x0000000017442000 Exception <a 'java/lang/NoSuchMethodError': <clinit>> (0x00000000ed5fdfb0) thrown at [C:\workspace\8-2-build-windows-amd64-cygwin\jdk8u192\11897\hotspot\src\share\vm\prims\jni.cpp, line 1613]
Event: 17.222 Thread 0x0000000017442000 Exception <a 'java/lang/NoSuchMethodError': <clinit>> (0x00000000ed6212c8) thrown at [C:\workspace\8-2-build-windows-amd64-cygwin\jdk8u192\11897\hotspot\src\share\vm\prims\jni.cpp, line 1613]
Event: 17.225 Thread 0x0000000017442000 Exception <a 'java/lang/NoSuchMethodError': <clinit>> (0x00000000ed63d910) thrown at [C:\workspace\8-2-build-windows-amd64-cygwin\jdk8u192\11897\hotspot\src\share\vm\prims\jni.cpp, line 1613]
Event: 17.225 Thread 0x0000000017442000 Exception <a 'java/lang/NoSuchMethodError': <clinit>> (0x00000000ed64bfe0) thrown at [C:\workspace\8-2-build-windows-amd64-cygwin\jdk8u192\11897\hotspot\src\share\vm\prims\jni.cpp, line 1613]
Event: 17.228 Thread 0x0000000017442000 Exception <a 'java/lang/NoSuchMethodError': <clinit>> (0x00000000ed667f18) thrown at [C:\workspace\8-2-build-windows-amd64-cygwin\jdk8u192\11897\hotspot\src\share\vm\prims\jni.cpp, line 1613]
Event: 17.236 Thread 0x0000000017442000 Exception <a 'java/lang/NoSuchMethodError': <clinit>> (0x00000000ed6c5380) thrown at [C:\workspace\8-2-build-windows-amd64-cygwin\jdk8u192\11897\hotspot\src\share\vm\prims\jni.cpp, line 1613]
Event: 17.237 Thread 0x0000000017442000 Exception <a 'java/lang/NoSuchMethodError': <clinit>> (0x00000000ed6d1380) thrown at [C:\workspace\8-2-build-windows-amd64-cygwin\jdk8u192\11897\hotspot\src\share\vm\prims\jni.cpp, line 1613]
Event: 17.241 Thread 0x0000000017442000 Exception <a 'java/lang/NoSuchMethodError': <clinit>> (0x00000000ed6ec060) thrown at [C:\workspace\8-2-build-windows-amd64-cygwin\jdk8u192\11897\hotspot\src\share\vm\prims\jni.cpp, line 1613]

Events (10 events):
Event: 17.244 Thread 0x0000000015d6e800 flushing nmethod 0x0000000003e5be50
Event: 17.244 Thread 0x0000000015d6e800 flushing nmethod 0x0000000003e62410
Event: 17.244 Thread 0x0000000015d6e800 flushing nmethod 0x0000000003e7f4d0
Event: 17.244 Thread 0x0000000015d6e800 flushing nmethod 0x0000000003ed2690
Event: 17.246 Thread 0x0000000017442000 Uncommon trap: trap_request=0xffffffde fr.pc=0x0000000003810754
Event: 17.246 Thread 0x0000000017442000 DEOPT PACKING pc=0x0000000003810754 sp=0x000000001df5e220
Event: 17.246 Thread 0x0000000017442000 DEOPT UNPACKING pc=0x00000000036b583b sp=0x000000001df5e1c0 mode 2
Event: 17.246 Thread 0x0000000017442000 Uncommon trap: trap_request=0xffffffde fr.pc=0x0000000003810754
Event: 17.246 Thread 0x0000000017442000 DEOPT PACKING pc=0x0000000003810754 sp=0x000000001df5e410
Event: 17.246 Thread 0x0000000017442000 DEOPT UNPACKING pc=0x00000000036b583b sp=0x000000001df5e3b0 mode 2


Dynamic libraries:
0x00007ff688370000 - 0x00007ff6883a7000 	C:\Program Files\Java\jre1.8.0_192\bin\javaw.exe
0x00007ff88c430000 - 0x00007ff88c611000 	C:\WINDOWS\SYSTEM32\ntdll.dll
0x00007ff889e60000 - 0x00007ff889f12000 	C:\WINDOWS\System32\KERNEL32.DLL
0x00007ff8888f0000 - 0x00007ff888b63000 	C:\WINDOWS\System32\KERNELBASE.dll
0x00007ff88bf40000 - 0x00007ff88bfe1000 	C:\WINDOWS\System32\ADVAPI32.dll
0x00007ff88bff0000 - 0x00007ff88c08e000 	C:\WINDOWS\System32\msvcrt.dll
0x00007ff88bb40000 - 0x00007ff88bb9b000 	C:\WINDOWS\System32\sechost.dll
0x00007ff88c260000 - 0x00007ff88c384000 	C:\WINDOWS\System32\RPCRT4.dll
0x00007ff88b3b0000 - 0x00007ff88b540000 	C:\WINDOWS\System32\USER32.dll
0x00007ff8898a0000 - 0x00007ff8898c0000 	C:\WINDOWS\System32\win32u.dll
0x00007ff889f20000 - 0x00007ff889f48000 	C:\WINDOWS\System32\GDI32.dll
0x00007ff889650000 - 0x00007ff8897e2000 	C:\WINDOWS\System32\gdi32full.dll
0x00007ff888850000 - 0x00007ff8888ef000 	C:\WINDOWS\System32\msvcp_win.dll
0x00007ff888e40000 - 0x00007ff888f3a000 	C:\WINDOWS\System32\ucrtbase.dll
0x00007ff874280000 - 0x00007ff8744e9000 	C:\WINDOWS\WinSxS\amd64_microsoft.windows.common-controls_6595b64144ccf1df_6.0.17134.407_none_fb449d63306391e9\COMCTL32.dll
0x00007ff8898c0000 - 0x00007ff889be2000 	C:\WINDOWS\System32\combase.dll
0x00007ff888dc0000 - 0x00007ff888e3a000 	C:\WINDOWS\System32\bcryptPrimitives.dll
0x00007ff88c230000 - 0x00007ff88c25d000 	C:\WINDOWS\System32\IMM32.DLL
0x00000000609f0000 - 0x0000000060ac1000 	C:\Program Files\Java\jre1.8.0_192\bin\msvcr100.dll
0x000000005f160000 - 0x000000005fa03000 	C:\Program Files\Java\jre1.8.0_192\bin\server\jvm.dll
0x00007ff88bb30000 - 0x00007ff88bb38000 	C:\WINDOWS\System32\PSAPI.DLL
0x00007ff87d370000 - 0x00007ff87d393000 	C:\WINDOWS\SYSTEM32\WINMM.dll
0x00007ff882f40000 - 0x00007ff882f4a000 	C:\WINDOWS\SYSTEM32\VERSION.dll
0x00007ff87d340000 - 0x00007ff87d36a000 	C:\WINDOWS\SYSTEM32\WINMMBASE.dll
0x00007ff888800000 - 0x00007ff888849000 	C:\WINDOWS\System32\cfgmgr32.dll
0x00007ff879360000 - 0x00007ff879369000 	C:\WINDOWS\SYSTEM32\WSOCK32.dll
0x00007ff88c390000 - 0x00007ff88c3fc000 	C:\WINDOWS\System32\WS2_32.dll
0x00007ff8873d0000 - 0x00007ff8873df000 	C:\Program Files\Java\jre1.8.0_192\bin\verify.dll
0x00007ff886230000 - 0x00007ff886259000 	C:\Program Files\Java\jre1.8.0_192\bin\java.dll
0x00007ff8873a0000 - 0x00007ff8873b6000 	C:\Program Files\Java\jre1.8.0_192\bin\zip.dll
0x00007ff889f70000 - 0x00007ff88b3af000 	C:\WINDOWS\System32\SHELL32.dll
0x00007ff88c120000 - 0x00007ff88c1c9000 	C:\WINDOWS\System32\shcore.dll
0x00007ff888f40000 - 0x00007ff88964d000 	C:\WINDOWS\System32\windows.storage.dll
0x00007ff88bd10000 - 0x00007ff88bd61000 	C:\WINDOWS\System32\shlwapi.dll
0x00007ff8887e0000 - 0x00007ff8887f1000 	C:\WINDOWS\System32\kernel.appcore.dll
0x00007ff8887c0000 - 0x00007ff8887df000 	C:\WINDOWS\System32\profapi.dll
0x00007ff888770000 - 0x00007ff8887bc000 	C:\WINDOWS\System32\powrprof.dll
0x00007ff888740000 - 0x00007ff88874a000 	C:\WINDOWS\System32\FLTLIB.DLL
0x00007ff8866d0000 - 0x00007ff8866ea000 	C:\Program Files\Java\jre1.8.0_192\bin\net.dll
0x00007ff887fc0000 - 0x00007ff888026000 	C:\WINDOWS\system32\mswsock.dll
0x00007ff887d80000 - 0x00007ff887e3e000 	C:\WINDOWS\SYSTEM32\DNSAPI.dll
0x00007ff88c110000 - 0x00007ff88c118000 	C:\WINDOWS\System32\NSI.dll
0x00007ff887d40000 - 0x00007ff887d78000 	C:\WINDOWS\SYSTEM32\IPHLPAPI.DLL
0x00007ff880770000 - 0x00007ff88077a000 	C:\Windows\System32\rasadhlp.dll
0x00007ff880f50000 - 0x00007ff880fc2000 	C:\WINDOWS\System32\fwpuclnt.dll
0x00007ff8882a0000 - 0x00007ff8882c5000 	C:\WINDOWS\SYSTEM32\bcrypt.dll
0x00007ff888180000 - 0x00007ff888197000 	C:\WINDOWS\SYSTEM32\CRYPTSP.dll
0x00007ff887ba0000 - 0x00007ff887bd3000 	C:\WINDOWS\system32\rsaenh.dll
0x00007ff888670000 - 0x00007ff888698000 	C:\WINDOWS\SYSTEM32\USERENV.dll
0x00007ff888170000 - 0x00007ff88817b000 	C:\WINDOWS\SYSTEM32\CRYPTBASE.dll
0x00007ff8825b0000 - 0x00007ff8825c6000 	C:\WINDOWS\SYSTEM32\dhcpcsvc6.DLL
0x00007ff882790000 - 0x00007ff8827aa000 	C:\WINDOWS\SYSTEM32\dhcpcsvc.DLL
0x00007ff8866a0000 - 0x00007ff8866b1000 	C:\Program Files\Java\jre1.8.0_192\bin\nio.dll
0x00007ff86a9b0000 - 0x00007ff86ab49000 	C:\Program Files\Java\jre1.8.0_192\bin\awt.dll
0x00007ff88be70000 - 0x00007ff88bf32000 	C:\WINDOWS\System32\OLEAUT32.dll
0x00007ff885080000 - 0x00007ff88510b000 	C:\WINDOWS\SYSTEM32\apphelp.dll
0x00007ff86fc00000 - 0x00007ff86fc24000 	C:\Program Files\Java\jre1.8.0_192\bin\sunec.dll
0x00007ff8867e0000 - 0x00007ff8867eb000 	C:\Program Files\Java\jre1.8.0_192\bin\sunmscapi.dll
0x00007ff888bd0000 - 0x00007ff888db2000 	C:\WINDOWS\System32\CRYPT32.dll
0x00007ff888750000 - 0x00007ff888762000 	C:\WINDOWS\System32\MSASN1.dll
0x00007ff887450000 - 0x00007ff88745d000 	C:\Program Files\Java\jre1.8.0_192\bin\management.dll
0x00007ff886ab0000 - 0x00007ff886ad9000 	C:\WINDOWS\system32\DWMAPI.DLL
0x00007ff8860b0000 - 0x00007ff886148000 	C:\WINDOWS\system32\uxtheme.dll

VM Arguments:
jvm_args: -Xmx1g -Dfile.encoding=MS949 
java_command: com.google.gwt.dev.DevMode -remoteUI 62518:803285788682576 -startupUrl PML.html -logLevel INFO -codeServerPort 9997 -port 8888 -war D:\프밍응용2 eclipse\PML-individual_Project\war kr.ac.sunmoon.PML
java_class_path (initial): D:\프밍응용2 eclipse\PML-individual_Project\src;D:\프밍응용2 eclipse\PML-individual_Project\test-classes;D:\프밍응용2 eclipse\PML-individual_Project\war\WEB-INF\classes;C:\Users\fix91\Desktop\eclipse\plugins\com.gwtplugins.gwt.eclipse.sdkbundle.gwt27_2.7.0.201710131939\gwt-2.7.0\gwt-user.jar;C:\Users\fix91\Desktop\eclipse\plugins\com.gwtplugins.gwt.eclipse.sdkbundle.gwt27_2.7.0.201710131939\gwt-2.7.0\gwt-codeserver.jar;C:\Users\fix91\Desktop\eclipse\plugins\com.gwtplugins.gwt.eclipse.sdkbundle.gwt27_2.7.0.201710131939\gwt-2.7.0\gwt-dev.jar;C:\Users\fix91\Desktop\eclipse\plugins\com.gwtplugins.gwt.eclipse.sdkbundle.gwt27_2.7.0.201710131939\gwt-2.7.0\validation-api-1.0.0.GA-sources.jar;C:\Users\fix91\Desktop\eclipse\plugins\com.gwtplugins.gwt.eclipse.sdkbundle.gwt27_2.7.0.201710131939\gwt-2.7.0\validation-api-1.0.0.GA.jar;D:\프밍응용2 eclipse\PML-individual_Project\war\WEB-INF\lib\mysql-connector-java-5.1.47.jar
Launcher Type: SUN_STANDARD

Environment Variables:
PATH=C:/Program Files/Java/jre1.8.0_192/bin/server;C:/Program Files/Java/jre1.8.0_192/bin;C:/Program Files/Java/jre1.8.0_192/lib/amd64;C:\Program Files (x86)\Common Files\Oracle\Java\javapath;C:\Program Files (x86)\Intel\iCLS Client\;C:\Program Files\Intel\iCLS Client\;C:\WINDOWS\system32;C:\WINDOWS;C:\WINDOWS\System32\Wbem;C:\WINDOWS\System32\WindowsPowerShell\v1.0\;C:\Program Files (x86)\Intel\Intel(R) Management Engine Components\DAL;C:\Program Files\Intel\Intel(R) Management Engine Components\DAL;C:\Program Files (x86)\Intel\Intel(R) Management Engine Components\IPT;C:\Program Files\Intel\Intel(R) Management Engine Components\IPT;C:\WINDOWS\System32\OpenSSH\;C:\Program Files\Intel\WiFi\bin\;C:\Program Files\Common Files\Intel\WirelessCommon\;C:\Program Files\Git\cmd;C:\Users\fix91\AppData\Local\Programs\Python\Python37\Scripts\;C:\Users\fix91\AppData\Local\Programs\Python\Python37\;C:\Users\fix91\AppData\Local\Microsoft\WindowsApps;C:\Program Files\Intel\WiFi\bin\;C:\Program Files\Common Files\Intel\WirelessCommon\;;C:\Users\fix91\Desktop\eclipse;
USERNAME=fix91
OS=Windows_NT
PROCESSOR_IDENTIFIER=Intel64 Family 6 Model 142 Stepping 9, GenuineIntel



---------------  S Y S T E M  ---------------

OS: Windows 10.0 , 64 bit Build 17134 (10.0.17134.1)

CPU:total 4 (initial active 4) (2 cores per cpu, 2 threads per core) family 6 model 142 stepping 9, cmov, cx8, fxsr, mmx, sse, sse2, sse3, ssse3, sse4.1, sse4.2, popcnt, avx, avx2, aes, clmul, erms, 3dnowpref, lzcnt, ht, tsc, tscinvbit, bmi1, bmi2, adx

Memory: 4k page, physical 8300456k(2886584k free), swap 32113828k(6840k free)

vm_info: Java HotSpot(TM) 64-Bit Server VM (25.192-b12) for windows-amd64 JRE (1.8.0_192-b12), built on Oct  6 2018 17:12:23 by "java_re" with MS VC++ 10.0 (VS2010)

time: Fri Nov 30 03:22:39 2018
timezone: 대한민국 표준시
elapsed time: 17 seconds (0d 0h 0m 17s)

