#
# There is insufficient memory for the Java Runtime Environment to continue.
# Native memory allocation (malloc) failed to allocate 2577296 bytes for Chunk::new
# Possible reasons:
#   The system is out of physical RAM or swap space
#   The process is running with CompressedOops enabled, and the Java Heap may be blocking the growth of the native heap
# Possible solutions:
#   Reduce memory load on the system
#   Increase physical memory or swap space
#   Check if swap backing store is full
#   Decrease Java heap size (-Xmx/-Xms)
#   Decrease number of Java threads
#   Decrease Java thread stack sizes (-Xss)
#   Set larger code cache with -XX:ReservedCodeCacheSize=
#   JVM is running with Unscaled Compressed Oops mode in which the Java heap is
#     placed in the first 4GB address space. The Java Heap base address is the
#     maximum limit for the native heap growth. Please use -XX:HeapBaseMinAddress
#     to set the Java Heap base and to place the Java Heap above 4GB virtual address.
# This output file may be truncated or incomplete.
#
#  Out of Memory Error (allocation.cpp:390), pid=1740, tid=0x0000000000002160
#
# JRE version: Java(TM) SE Runtime Environment (8.0_192-b12) (build 1.8.0_192-b12)
# Java VM: Java HotSpot(TM) 64-Bit Server VM (25.192-b12 mixed mode windows-amd64 compressed oops)
# Failed to write core dump. Minidumps are not enabled by default on client versions of Windows
#

---------------  T H R E A D  ---------------

Current thread (0x00000000155d1000):  JavaThread "C2 CompilerThread1" daemon [_thread_in_native, id=8544, stack(0x0000000017010000,0x0000000017110000)]

Stack: [0x0000000017010000,0x0000000017110000]
[error occurred during error reporting (printing stack bounds), id 0xc0000005]

Native frames: (J=compiled Java code, j=interpreted, Vv=VM code, C=native code)


Current CompileTask:
C2:   7028 2653       4       org.objectweb.asm.ClassReader::a (3271 bytes)


---------------  P R O C E S S  ---------------

Java Threads: ( => current thread )
  0x00000000192a8800 JavaThread "pool-2-thread-1" daemon [_thread_blocked, id=4276, stack(0x000000001bc60000,0x000000001bd60000)]
  0x00000000192a5000 JavaThread "qtp1961173763-29" [_thread_blocked, id=20568, stack(0x000000001b860000,0x000000001b960000)]
  0x00000000192a9800 JavaThread "qtp1961173763-28" [_thread_blocked, id=8888, stack(0x000000001b760000,0x000000001b860000)]
  0x0000000017563000 JavaThread "qtp1961173763-27" [_thread_blocked, id=20104, stack(0x000000001b660000,0x000000001b760000)]
  0x0000000017567800 JavaThread "qtp1961173763-26" [_thread_blocked, id=8648, stack(0x000000001b560000,0x000000001b660000)]
  0x0000000017567000 JavaThread "qtp1961173763-25" [_thread_blocked, id=22824, stack(0x000000001b460000,0x000000001b560000)]
  0x0000000017566000 JavaThread "qtp1961173763-24" [_thread_blocked, id=6768, stack(0x000000001b360000,0x000000001b460000)]
  0x0000000017562800 JavaThread "qtp1961173763-23 Acceptor0 SelectChannelConnector@127.0.0.1:8888" [_thread_in_native, id=13000, stack(0x000000001b260000,0x000000001b360000)]
  0x0000000017565800 JavaThread "qtp1961173763-22 Selector0" [_thread_in_native, id=6544, stack(0x000000001b160000,0x000000001b260000)]
  0x0000000017568800 JavaThread "HashSessionScavenger-0" daemon [_thread_blocked, id=9240, stack(0x000000001ac90000,0x000000001ad90000)]
  0x0000000017564800 JavaThread "GC Daemon" daemon [_thread_blocked, id=9044, stack(0x00000000199c0000,0x0000000019ac0000)]
  0x0000000017561800 JavaThread "SuperDevMode code server listener" daemon [_thread_in_Java, id=16068, stack(0x0000000018210000,0x0000000018310000)]
  0x0000000017564000 JavaThread "pool-1-thread-1" [_thread_blocked, id=9080, stack(0x0000000018010000,0x0000000018110000)]
  0x00000000174c7800 JavaThread "Thread-2" daemon [_thread_blocked, id=9604, stack(0x0000000017e10000,0x0000000017f10000)]
  0x00000000174b2000 JavaThread "Thread-1" [_thread_in_native, id=9564, stack(0x0000000017d10000,0x0000000017e10000)]
  0x000000001699e800 JavaThread "Service Thread" daemon [_thread_blocked, id=12804, stack(0x0000000017210000,0x0000000017310000)]
  0x00000000155fe800 JavaThread "C1 CompilerThread2" daemon [_thread_in_native, id=15352, stack(0x0000000017110000,0x0000000017210000)]
=>0x00000000155d1000 JavaThread "C2 CompilerThread1" daemon [_thread_in_native, id=8544, stack(0x0000000017010000,0x0000000017110000)]
  0x00000000155c8800 JavaThread "C2 CompilerThread0" daemon [_thread_in_native, id=10444, stack(0x0000000016f10000,0x0000000017010000)]
  0x0000000016953000 JavaThread "Attach Listener" daemon [_thread_blocked, id=10276, stack(0x0000000016e10000,0x0000000016f10000)]
  0x0000000016952800 JavaThread "Signal Dispatcher" daemon [_thread_blocked, id=10284, stack(0x0000000016d10000,0x0000000016e10000)]
  0x000000001559a800 JavaThread "Finalizer" daemon [_thread_blocked, id=7688, stack(0x0000000016810000,0x0000000016910000)]
  0x0000000002ed1800 JavaThread "Reference Handler" daemon [_thread_blocked, id=10384, stack(0x0000000016710000,0x0000000016810000)]
  0x0000000002dde800 JavaThread "main" [_thread_blocked, id=10508, stack(0x0000000002c10000,0x0000000002d10000)]

Other Threads:
  0x0000000015578800 VMThread [stack: 0x0000000016610000,0x0000000016710000] [id=10460]
  0x00000000169a9800 WatcherThread [stack: 0x0000000017310000,0x0000000017410000] [id=18444]

VM state:not at safepoint (normal execution)

VM Mutex/Monitor currently owned by a thread: None

heap address: 0x00000000c0000000, size: 1024 MB, Compressed Oops mode: 32-bit
Narrow klass base: 0x0000000000000000, Narrow klass shift: 3
Compressed class space size: 1073741824 Address: 0x0000000100000000

Heap:
 PSYoungGen      total 109568K, used 34862K [0x00000000eab00000, 0x00000000f9880000, 0x0000000100000000)
  eden space 104448K, 28% used [0x00000000eab00000,0x00000000ec812750,0x00000000f1100000)
  from space 5120K, 99% used [0x00000000f3200000,0x00000000f36f92f0,0x00000000f3700000)
  to   space 33792K, 0% used [0x00000000f1100000,0x00000000f1100000,0x00000000f3200000)
 ParOldGen       total 131072K, used 85709K [0x00000000c0000000, 0x00000000c8000000, 0x00000000eab00000)
  object space 131072K, 65% used [0x00000000c0000000,0x00000000c53b3640,0x00000000c8000000)
 Metaspace       used 22165K, capacity 22666K, committed 22960K, reserved 1069056K
  class space    used 2645K, capacity 2773K, committed 2816K, reserved 1048576K

Card table byte_map: [0x00000000122a0000,0x00000000124b0000] byte_map_base: 0x0000000011ca0000

Marking Bits: (ParMarkBitMap*) 0x000000005f983ce0
 Begin Bits: [0x0000000012a10000, 0x0000000013a10000)
 End Bits:   [0x0000000013a10000, 0x0000000014a10000)

Polling page: 0x0000000000bf0000

CodeCache: size=245760Kb used=8065Kb max_used=9109Kb free=237694Kb
 bounds [0x0000000002ee0000, 0x00000000037d0000, 0x0000000011ee0000]
 total_blobs=2861 nmethods=2475 adapters=298
 compilation: enabled

Compilation events (10 events):
Event: 7.017 Thread 0x00000000155fe800 2819       3       com.google.gwt.dev.javac.asm.EmptySignatureVisitor::visitSuperclass (4 bytes)
Event: 7.017 Thread 0x00000000155fe800 nmethod 2819 0x0000000003123d10 code [0x0000000003123e60, 0x0000000003123fb0]
Event: 7.017 Thread 0x00000000155fe800 2822       3       com.google.gwt.dev.javac.asm.EmptySignatureVisitor::visitInterface (4 bytes)
Event: 7.017 Thread 0x00000000155fe800 nmethod 2822 0x0000000003009810 code [0x0000000003009960, 0x0000000003009ab0]
Event: 7.020 Thread 0x00000000155fe800 2823       3       com.google.gwt.dev.javac.typemodel.JGenericType::<init> (67 bytes)
Event: 7.020 Thread 0x00000000155fe800 nmethod 2823 0x0000000003258190 code [0x0000000003258340, 0x0000000003258838]
Event: 7.023 Thread 0x00000000155fe800 2825       1       com.google.gwt.dev.javac.typemodel.JRealClassType::getEnclosingType (5 bytes)
Event: 7.023 Thread 0x00000000155fe800 nmethod 2825 0x000000000301ff90 code [0x00000000030200e0, 0x00000000030201f0]
Event: 7.023 Thread 0x00000000155fe800 2826       3       java.util.LinkedHashMap$LinkedKeyIterator::next (8 bytes)
Event: 7.023 Thread 0x00000000155fe800 nmethod 2826 0x0000000003139210 code [0x0000000003139380, 0x0000000003139628]

GC Heap History (10 events):
Event: 3.203 GC heap before
{Heap before GC invocations=3 (full 0):
 PSYoungGen      total 71680K, used 71669K [0x00000000eab00000, 0x00000000ef600000, 0x0000000100000000)
  eden space 66560K, 99% used [0x00000000eab00000,0x00000000eebff160,0x00000000eec00000)
  from space 5120K, 99% used [0x00000000ef100000,0x00000000ef5fe680,0x00000000ef600000)
  to   space 5120K, 0% used [0x00000000eec00000,0x00000000eec00000,0x00000000ef100000)
 ParOldGen       total 87552K, used 19285K [0x00000000c0000000, 0x00000000c5580000, 0x00000000eab00000)
  object space 87552K, 22% used [0x00000000c0000000,0x00000000c12d5770,0x00000000c5580000)
 Metaspace       used 16045K, capacity 16526K, committed 16640K, reserved 1064960K
  class space    used 1921K, capacity 2043K, committed 2048K, reserved 1048576K
Event: 3.236 GC heap after
Heap after GC invocations=3 (full 0):
 PSYoungGen      total 71680K, used 5097K [0x00000000eab00000, 0x00000000f3700000, 0x0000000100000000)
  eden space 66560K, 0% used [0x00000000eab00000,0x00000000eab00000,0x00000000eec00000)
  from space 5120K, 99% used [0x00000000eec00000,0x00000000ef0fa660,0x00000000ef100000)
  to   space 5120K, 0% used [0x00000000f3200000,0x00000000f3200000,0x00000000f3700000)
 ParOldGen       total 87552K, used 34656K [0x00000000c0000000, 0x00000000c5580000, 0x00000000eab00000)
  object space 87552K, 39% used [0x00000000c0000000,0x00000000c21d8270,0x00000000c5580000)
 Metaspace       used 16045K, capacity 16526K, committed 16640K, reserved 1064960K
  class space    used 1921K, capacity 2043K, committed 2048K, reserved 1048576K
}
Event: 3.910 GC heap before
{Heap before GC invocations=4 (full 0):
 PSYoungGen      total 71680K, used 34847K [0x00000000eab00000, 0x00000000f3700000, 0x0000000100000000)
  eden space 66560K, 44% used [0x00000000eab00000,0x00000000ec80d628,0x00000000eec00000)
  from space 5120K, 99% used [0x00000000eec00000,0x00000000ef0fa660,0x00000000ef100000)
  to   space 5120K, 0% used [0x00000000f3200000,0x00000000f3200000,0x00000000f3700000)
 ParOldGen       total 87552K, used 34656K [0x00000000c0000000, 0x00000000c5580000, 0x00000000eab00000)
  object space 87552K, 39% used [0x00000000c0000000,0x00000000c21d8270,0x00000000c5580000)
 Metaspace       used 18441K, capacity 18874K, committed 19072K, reserved 1067008K
  class space    used 2213K, capacity 2347K, committed 2432K, reserved 1048576K
Event: 3.935 GC heap after
Heap after GC invocations=4 (full 0):
 PSYoungGen      total 138240K, used 5088K [0x00000000eab00000, 0x00000000f3700000, 0x0000000100000000)
  eden space 133120K, 0% used [0x00000000eab00000,0x00000000eab00000,0x00000000f2d00000)
  from space 5120K, 99% used [0x00000000f3200000,0x00000000f36f8040,0x00000000f3700000)
  to   space 5120K, 0% used [0x00000000f2d00000,0x00000000f2d00000,0x00000000f3200000)
 ParOldGen       total 87552K, used 42661K [0x00000000c0000000, 0x00000000c5580000, 0x00000000eab00000)
  object space 87552K, 48% used [0x00000000c0000000,0x00000000c29a97a0,0x00000000c5580000)
 Metaspace       used 18441K, capacity 18874K, committed 19072K, reserved 1067008K
  class space    used 2213K, capacity 2347K, committed 2432K, reserved 1048576K
}
Event: 4.946 GC heap before
{Heap before GC invocations=5 (full 0):
 PSYoungGen      total 138240K, used 50353K [0x00000000eab00000, 0x00000000f3700000, 0x0000000100000000)
  eden space 133120K, 34% used [0x00000000eab00000,0x00000000ed7344e0,0x00000000f2d00000)
  from space 5120K, 99% used [0x00000000f3200000,0x00000000f36f8040,0x00000000f3700000)
  to   space 5120K, 0% used [0x00000000f2d00000,0x00000000f2d00000,0x00000000f3200000)
 ParOldGen       total 87552K, used 42661K [0x00000000c0000000, 0x00000000c5580000, 0x00000000eab00000)
  object space 87552K, 48% used [0x00000000c0000000,0x00000000c29a97a0,0x00000000c5580000)
 Metaspace       used 20728K, capacity 21190K, committed 21296K, reserved 1069056K
  class space    used 2485K, capacity 2647K, committed 2688K, reserved 1048576K
Event: 4.992 GC heap after
Heap after GC invocations=5 (full 0):
 PSYoungGen      total 138240K, used 5088K [0x00000000eab00000, 0x00000000f3700000, 0x0000000100000000)
  eden space 133120K, 0% used [0x00000000eab00000,0x00000000eab00000,0x00000000f2d00000)
  from space 5120K, 99% used [0x00000000f2d00000,0x00000000f31f8050,0x00000000f3200000)
  to   space 5120K, 0% used [0x00000000f3200000,0x00000000f3200000,0x00000000f3700000)
 ParOldGen       total 87552K, used 55421K [0x00000000c0000000, 0x00000000c5580000, 0x00000000eab00000)
  object space 87552K, 63% used [0x00000000c0000000,0x00000000c361f6f8,0x00000000c5580000)
 Metaspace       used 20728K, capacity 21190K, committed 21296K, reserved 1069056K
  class space    used 2485K, capacity 2647K, committed 2688K, reserved 1048576K
}
Event: 4.993 GC heap before
{Heap before GC invocations=6 (full 1):
 PSYoungGen      total 138240K, used 5088K [0x00000000eab00000, 0x00000000f3700000, 0x0000000100000000)
  eden space 133120K, 0% used [0x00000000eab00000,0x00000000eab00000,0x00000000f2d00000)
  from space 5120K, 99% used [0x00000000f2d00000,0x00000000f31f8050,0x00000000f3200000)
  to   space 5120K, 0% used [0x00000000f3200000,0x00000000f3200000,0x00000000f3700000)
 ParOldGen       total 87552K, used 55421K [0x00000000c0000000, 0x00000000c5580000, 0x00000000eab00000)
  object space 87552K, 63% used [0x00000000c0000000,0x00000000c361f6f8,0x00000000c5580000)
 Metaspace       used 20728K, capacity 21190K, committed 21296K, reserved 1069056K
  class space    used 2485K, capacity 2647K, committed 2688K, reserved 1048576K
Event: 5.344 GC heap after
Heap after GC invocations=6 (full 1):
 PSYoungGen      total 138240K, used 0K [0x00000000eab00000, 0x00000000f3700000, 0x0000000100000000)
  eden space 133120K, 0% used [0x00000000eab00000,0x00000000eab00000,0x00000000f2d00000)
  from space 5120K, 0% used [0x00000000f2d00000,0x00000000f2d00000,0x00000000f3200000)
  to   space 5120K, 0% used [0x00000000f3200000,0x00000000f3200000,0x00000000f3700000)
 ParOldGen       total 131072K, used 55578K [0x00000000c0000000, 0x00000000c8000000, 0x00000000eab00000)
  object space 131072K, 42% used [0x00000000c0000000,0x00000000c36468d8,0x00000000c8000000)
 Metaspace       used 20723K, capacity 21182K, committed 21296K, reserved 1069056K
  class space    used 2483K, capacity 2643K, committed 2688K, reserved 1048576K
}
Event: 6.826 GC heap before
{Heap before GC invocations=7 (full 1):
 PSYoungGen      total 138240K, used 133120K [0x00000000eab00000, 0x00000000f3700000, 0x0000000100000000)
  eden space 133120K, 100% used [0x00000000eab00000,0x00000000f2d00000,0x00000000f2d00000)
  from space 5120K, 0% used [0x00000000f2d00000,0x00000000f2d00000,0x00000000f3200000)
  to   space 5120K, 0% used [0x00000000f3200000,0x00000000f3200000,0x00000000f3700000)
 ParOldGen       total 131072K, used 55578K [0x00000000c0000000, 0x00000000c8000000, 0x00000000eab00000)
  object space 131072K, 42% used [0x00000000c0000000,0x00000000c36468d8,0x00000000c8000000)
 Metaspace       used 22058K, capacity 22538K, committed 22704K, reserved 1069056K
  class space    used 2638K, capacity 2773K, committed 2816K, reserved 1048576K
Event: 6.880 GC heap after
Heap after GC invocations=7 (full 1):
 PSYoungGen      total 109568K, used 5092K [0x00000000eab00000, 0x00000000f9880000, 0x0000000100000000)
  eden space 104448K, 0% used [0x00000000eab00000,0x00000000eab00000,0x00000000f1100000)
  from space 5120K, 99% used [0x00000000f3200000,0x00000000f36f92f0,0x00000000f3700000)
  to   space 33792K, 0% used [0x00000000f1100000,0x00000000f1100000,0x00000000f3200000)
 ParOldGen       total 131072K, used 85709K [0x00000000c0000000, 0x00000000c8000000, 0x00000000eab00000)
  object space 131072K, 65% used [0x00000000c0000000,0x00000000c53b3640,0x00000000c8000000)
 Metaspace       used 22058K, capacity 22538K, committed 22704K, reserved 1069056K
  class space    used 2638K, capacity 2773K, committed 2816K, reserved 1048576K
}

Deoptimization events (10 events):
Event: 5.528 Thread 0x00000000192a5000 Uncommon trap: reason=unstable_if action=reinterpret pc=0x00000000036215dc method=java.lang.ThreadLocal$ThreadLocalMap.getEntry(Ljava/lang/ThreadLocal;)Ljava/lang/ThreadLocal$ThreadLocalMap$Entry; @ 29
Event: 6.158 Thread 0x0000000017564000 Uncommon trap: reason=unstable_if action=reinterpret pc=0x00000000035ec9c4 method=java.io.ObjectInputStream$PeekInputStream.peek()I @ 32
Event: 6.163 Thread 0x0000000017564000 Uncommon trap: reason=unstable_if action=reinterpret pc=0x00000000034ad5e8 method=java.io.ObjectInputStream$PeekInputStream.read([BII)I @ 32
Event: 6.164 Thread 0x0000000017564000 Uncommon trap: reason=unstable_if action=reinterpret pc=0x00000000035195ec method=java.io.ObjectInputStream.defaultReadFields(Ljava/lang/Object;Ljava/io/ObjectStreamClass;)V @ 39
Event: 6.181 Thread 0x0000000017564000 Uncommon trap: reason=unstable_if action=reinterpret pc=0x00000000034af120 method=java.io.ObjectInputStream$PeekInputStream.peek()I @ 32
Event: 6.182 Thread 0x0000000017564000 Uncommon trap: reason=predicate action=maybe_recompile pc=0x00000000036d549c method=java.util.Arrays.fill([Ljava/lang/Object;IILjava/lang/Object;)V @ 10
Event: 6.182 Thread 0x0000000017564000 Uncommon trap: reason=unstable_if action=reinterpret pc=0x000000000356d39c method=java.io.ObjectInputStream$PeekInputStream.read([BII)I @ 32
Event: 6.202 Thread 0x0000000017561800 Uncommon trap: reason=class_check action=maybe_recompile pc=0x0000000003169d9c method=java.util.AbstractQueue.add(Ljava/lang/Object;)Z @ 2
Event: 6.488 Thread 0x0000000017561800 Uncommon trap: reason=unstable_if action=reinterpret pc=0x000000000373a1a0 method=java.util.concurrent.locks.ReentrantLock$Sync.isHeldExclusively()Z @ 7
Event: 6.543 Thread 0x00000000192a8800 Uncommon trap: reason=unstable_if action=reinterpret pc=0x00000000037467e0 method=org.objectweb.asm.ClassReader.a(II[C)Ljava/lang/String; @ 77

Classes redefined (0 events):
No events

Internal exceptions (10 events):
Event: 4.635 Thread 0x0000000002dde800 Exception <a 'java/security/PrivilegedActionException'> (0x00000000ec404b00) thrown at [C:\workspace\8-2-build-windows-amd64-cygwin\jdk8u192\11897\hotspot\src\share\vm\prims\jvm.cpp, line 1435]
Event: 4.635 Thread 0x0000000002dde800 Exception <a 'java/security/PrivilegedActionException'> (0x00000000ec404ef8) thrown at [C:\workspace\8-2-build-windows-amd64-cygwin\jdk8u192\11897\hotspot\src\share\vm\prims\jvm.cpp, line 1435]
Event: 4.637 Thread 0x0000000002dde800 Exception <a 'java/security/PrivilegedActionException'> (0x00000000ec4439a0) thrown at [C:\workspace\8-2-build-windows-amd64-cygwin\jdk8u192\11897\hotspot\src\share\vm\prims\jvm.cpp, line 1435]
Event: 4.637 Thread 0x0000000002dde800 Exception <a 'java/security/PrivilegedActionException'> (0x00000000ec443d98) thrown at [C:\workspace\8-2-build-windows-amd64-cygwin\jdk8u192\11897\hotspot\src\share\vm\prims\jvm.cpp, line 1435]
Event: 4.640 Thread 0x0000000002dde800 Exception <a 'java/security/PrivilegedActionException'> (0x00000000ec4826a0) thrown at [C:\workspace\8-2-build-windows-amd64-cygwin\jdk8u192\11897\hotspot\src\share\vm\prims\jvm.cpp, line 1435]
Event: 4.640 Thread 0x0000000002dde800 Exception <a 'java/security/PrivilegedActionException'> (0x00000000ec482a98) thrown at [C:\workspace\8-2-build-windows-amd64-cygwin\jdk8u192\11897\hotspot\src\share\vm\prims\jvm.cpp, line 1435]
Event: 4.668 Thread 0x0000000002dde800 Exception <a 'java/lang/NoClassDefFoundError': org/apache/log4j/Category> (0x00000000ec5927c0) thrown at [C:\workspace\8-2-build-windows-amd64-cygwin\jdk8u192\11897\hotspot\src\share\vm\classfile\systemDictionary.cpp, line 199]
Event: 5.960 Thread 0x0000000017564000 Exception <a 'java/lang/NoSuchMethodError': <clinit>> (0x00000000ec9df7a0) thrown at [C:\workspace\8-2-build-windows-amd64-cygwin\jdk8u192\11897\hotspot\src\share\vm\prims\jni.cpp, line 1613]
Event: 6.046 Thread 0x0000000017564000 Exception <a 'java/lang/NoSuchMethodError': <clinit>> (0x00000000ecf41c80) thrown at [C:\workspace\8-2-build-windows-amd64-cygwin\jdk8u192\11897\hotspot\src\share\vm\prims\jni.cpp, line 1613]
Event: 6.164 Thread 0x0000000017564000 Implicit null exception at 0x0000000003516ace to 0x00000000035195cd

Events (10 events):
Event: 6.991 Thread 0x00000000155fe800 flushing nmethod 0x0000000003442610
Event: 6.991 Thread 0x00000000155fe800 flushing nmethod 0x0000000003443590
Event: 6.991 Thread 0x00000000155fe800 flushing nmethod 0x0000000003446450
Event: 6.991 Thread 0x00000000155fe800 flushing nmethod 0x0000000003446c50
Event: 6.991 Thread 0x00000000155fe800 flushing nmethod 0x0000000003449b50
Event: 6.991 Thread 0x00000000155fe800 flushing nmethod 0x000000000344d390
Event: 6.991 Thread 0x00000000155fe800 flushing nmethod 0x000000000344dd10
Event: 6.991 Thread 0x00000000155fe800 flushing nmethod 0x000000000345a6d0
Event: 7.024 loading class com/google/gwt/dev/javac/typemodel/DelegateMembers
Event: 7.024 loading class com/google/gwt/dev/javac/typemodel/DelegateMembers done


Dynamic libraries:
0x00007ff688370000 - 0x00007ff6883a7000 	C:\Program Files\Java\jre1.8.0_192\bin\javaw.exe
0x00007ff88c430000 - 0x00007ff88c611000 	C:\WINDOWS\SYSTEM32\ntdll.dll
0x00007ff889e60000 - 0x00007ff889f12000 	C:\WINDOWS\System32\KERNEL32.DLL
0x00007ff8888f0000 - 0x00007ff888b63000 	C:\WINDOWS\System32\KERNELBASE.dll
0x00007ff88bf40000 - 0x00007ff88bfe1000 	C:\WINDOWS\System32\ADVAPI32.dll
0x00007ff88bff0000 - 0x00007ff88c08e000 	C:\WINDOWS\System32\msvcrt.dll
0x00007ff88bb40000 - 0x00007ff88bb9b000 	C:\WINDOWS\System32\sechost.dll
0x00007ff88c260000 - 0x00007ff88c384000 	C:\WINDOWS\System32\RPCRT4.dll
0x00007ff88b3b0000 - 0x00007ff88b540000 	C:\WINDOWS\System32\USER32.dll
0x00007ff8898a0000 - 0x00007ff8898c0000 	C:\WINDOWS\System32\win32u.dll
0x00007ff889f20000 - 0x00007ff889f48000 	C:\WINDOWS\System32\GDI32.dll
0x00007ff889650000 - 0x00007ff8897e2000 	C:\WINDOWS\System32\gdi32full.dll
0x00007ff888850000 - 0x00007ff8888ef000 	C:\WINDOWS\System32\msvcp_win.dll
0x00007ff888e40000 - 0x00007ff888f3a000 	C:\WINDOWS\System32\ucrtbase.dll
0x00007ff874280000 - 0x00007ff8744e9000 	C:\WINDOWS\WinSxS\amd64_microsoft.windows.common-controls_6595b64144ccf1df_6.0.17134.407_none_fb449d63306391e9\COMCTL32.dll
0x00007ff8898c0000 - 0x00007ff889be2000 	C:\WINDOWS\System32\combase.dll
0x00007ff888dc0000 - 0x00007ff888e3a000 	C:\WINDOWS\System32\bcryptPrimitives.dll
0x00007ff88c230000 - 0x00007ff88c25d000 	C:\WINDOWS\System32\IMM32.DLL
0x00000000609f0000 - 0x0000000060ac1000 	C:\Program Files\Java\jre1.8.0_192\bin\msvcr100.dll
0x000000005f160000 - 0x000000005fa03000 	C:\Program Files\Java\jre1.8.0_192\bin\server\jvm.dll
0x00007ff88bb30000 - 0x00007ff88bb38000 	C:\WINDOWS\System32\PSAPI.DLL
0x00007ff879360000 - 0x00007ff879369000 	C:\WINDOWS\SYSTEM32\WSOCK32.dll
0x00007ff88c390000 - 0x00007ff88c3fc000 	C:\WINDOWS\System32\WS2_32.dll
0x00007ff87d370000 - 0x00007ff87d393000 	C:\WINDOWS\SYSTEM32\WINMM.dll
0x00007ff882f40000 - 0x00007ff882f4a000 	C:\WINDOWS\SYSTEM32\VERSION.dll
0x00007ff87d340000 - 0x00007ff87d36a000 	C:\WINDOWS\SYSTEM32\winmmbase.dll
0x00007ff888800000 - 0x00007ff888849000 	C:\WINDOWS\System32\cfgmgr32.dll
0x00007ff8873d0000 - 0x00007ff8873df000 	C:\Program Files\Java\jre1.8.0_192\bin\verify.dll
0x00007ff886230000 - 0x00007ff886259000 	C:\Program Files\Java\jre1.8.0_192\bin\java.dll
0x00007ff8873a0000 - 0x00007ff8873b6000 	C:\Program Files\Java\jre1.8.0_192\bin\zip.dll
0x00007ff889f70000 - 0x00007ff88b3af000 	C:\WINDOWS\System32\SHELL32.dll
0x00007ff88c120000 - 0x00007ff88c1c9000 	C:\WINDOWS\System32\shcore.dll
0x00007ff888f40000 - 0x00007ff88964d000 	C:\WINDOWS\System32\windows.storage.dll
0x00007ff88bd10000 - 0x00007ff88bd61000 	C:\WINDOWS\System32\shlwapi.dll
0x00007ff8887e0000 - 0x00007ff8887f1000 	C:\WINDOWS\System32\kernel.appcore.dll
0x00007ff8887c0000 - 0x00007ff8887df000 	C:\WINDOWS\System32\profapi.dll
0x00007ff888770000 - 0x00007ff8887bc000 	C:\WINDOWS\System32\powrprof.dll
0x00007ff888740000 - 0x00007ff88874a000 	C:\WINDOWS\System32\FLTLIB.DLL
0x00007ff8866d0000 - 0x00007ff8866ea000 	C:\Program Files\Java\jre1.8.0_192\bin\net.dll
0x00007ff887fc0000 - 0x00007ff888026000 	C:\WINDOWS\system32\mswsock.dll
0x00007ff887d80000 - 0x00007ff887e3e000 	C:\WINDOWS\SYSTEM32\DNSAPI.dll
0x00007ff88c110000 - 0x00007ff88c118000 	C:\WINDOWS\System32\NSI.dll
0x00007ff887d40000 - 0x00007ff887d78000 	C:\WINDOWS\SYSTEM32\IPHLPAPI.DLL
0x00007ff880770000 - 0x00007ff88077a000 	C:\Windows\System32\rasadhlp.dll
0x00007ff880f50000 - 0x00007ff880fc2000 	C:\WINDOWS\System32\fwpuclnt.dll
0x00007ff8882a0000 - 0x00007ff8882c5000 	C:\WINDOWS\SYSTEM32\bcrypt.dll
0x00007ff888180000 - 0x00007ff888197000 	C:\WINDOWS\SYSTEM32\CRYPTSP.dll
0x00007ff887ba0000 - 0x00007ff887bd3000 	C:\WINDOWS\system32\rsaenh.dll
0x00007ff888670000 - 0x00007ff888698000 	C:\WINDOWS\SYSTEM32\USERENV.dll
0x00007ff888170000 - 0x00007ff88817b000 	C:\WINDOWS\SYSTEM32\CRYPTBASE.dll
0x00007ff8825b0000 - 0x00007ff8825c6000 	C:\WINDOWS\SYSTEM32\dhcpcsvc6.DLL
0x00007ff882790000 - 0x00007ff8827aa000 	C:\WINDOWS\SYSTEM32\dhcpcsvc.DLL
0x00007ff8866a0000 - 0x00007ff8866b1000 	C:\Program Files\Java\jre1.8.0_192\bin\nio.dll
0x00007ff86a9b0000 - 0x00007ff86ab49000 	C:\Program Files\Java\jre1.8.0_192\bin\awt.dll
0x00007ff88be70000 - 0x00007ff88bf32000 	C:\WINDOWS\System32\OLEAUT32.dll
0x00007ff885080000 - 0x00007ff88510b000 	C:\WINDOWS\SYSTEM32\apphelp.dll
0x00007ff86fc00000 - 0x00007ff86fc24000 	C:\Program Files\Java\jre1.8.0_192\bin\sunec.dll
0x00007ff8867e0000 - 0x00007ff8867eb000 	C:\Program Files\Java\jre1.8.0_192\bin\sunmscapi.dll
0x00007ff888bd0000 - 0x00007ff888db2000 	C:\WINDOWS\System32\CRYPT32.dll
0x00007ff888750000 - 0x00007ff888762000 	C:\WINDOWS\System32\MSASN1.dll

VM Arguments:
jvm_args: -Xmx1g -Dfile.encoding=MS949 
java_command: com.google.gwt.dev.DevMode -remoteUI 62518:803383205738754 -startupUrl PML.html -logLevel INFO -codeServerPort 9997 -port 8888 -war D:\프밍응용2 eclipse\PML-individual_Project\war kr.ac.sunmoon.PML
java_class_path (initial): D:\프밍응용2 eclipse\PML-individual_Project\src;D:\프밍응용2 eclipse\PML-individual_Project\test-classes;D:\프밍응용2 eclipse\PML-individual_Project\war\WEB-INF\classes;C:\Users\fix91\Desktop\eclipse\plugins\com.gwtplugins.gwt.eclipse.sdkbundle.gwt27_2.7.0.201710131939\gwt-2.7.0\gwt-user.jar;C:\Users\fix91\Desktop\eclipse\plugins\com.gwtplugins.gwt.eclipse.sdkbundle.gwt27_2.7.0.201710131939\gwt-2.7.0\gwt-codeserver.jar;C:\Users\fix91\Desktop\eclipse\plugins\com.gwtplugins.gwt.eclipse.sdkbundle.gwt27_2.7.0.201710131939\gwt-2.7.0\gwt-dev.jar;C:\Users\fix91\Desktop\eclipse\plugins\com.gwtplugins.gwt.eclipse.sdkbundle.gwt27_2.7.0.201710131939\gwt-2.7.0\validation-api-1.0.0.GA-sources.jar;C:\Users\fix91\Desktop\eclipse\plugins\com.gwtplugins.gwt.eclipse.sdkbundle.gwt27_2.7.0.201710131939\gwt-2.7.0\validation-api-1.0.0.GA.jar;D:\프밍응용2 eclipse\PML-individual_Project\war\WEB-INF\lib\mysql-connector-java-5.1.47.jar
Launcher Type: SUN_STANDARD

Environment Variables:
PATH=C:/Program Files/Java/jre1.8.0_192/bin/server;C:/Program Files/Java/jre1.8.0_192/bin;C:/Program Files/Java/jre1.8.0_192/lib/amd64;C:\Program Files (x86)\Common Files\Oracle\Java\javapath;C:\Program Files (x86)\Intel\iCLS Client\;C:\Program Files\Intel\iCLS Client\;C:\WINDOWS\system32;C:\WINDOWS;C:\WINDOWS\System32\Wbem;C:\WINDOWS\System32\WindowsPowerShell\v1.0\;C:\Program Files (x86)\Intel\Intel(R) Management Engine Components\DAL;C:\Program Files\Intel\Intel(R) Management Engine Components\DAL;C:\Program Files (x86)\Intel\Intel(R) Management Engine Components\IPT;C:\Program Files\Intel\Intel(R) Management Engine Components\IPT;C:\WINDOWS\System32\OpenSSH\;C:\Program Files\Intel\WiFi\bin\;C:\Program Files\Common Files\Intel\WirelessCommon\;C:\Program Files\Git\cmd;C:\Users\fix91\AppData\Local\Programs\Python\Python37\Scripts\;C:\Users\fix91\AppData\Local\Programs\Python\Python37\;C:\Users\fix91\AppData\Local\Microsoft\WindowsApps;C:\Program Files\Intel\WiFi\bin\;C:\Program Files\Common Files\Intel\WirelessCommon\;;C:\Users\fix91\Desktop\eclipse;
USERNAME=fix91
OS=Windows_NT
PROCESSOR_IDENTIFIER=Intel64 Family 6 Model 142 Stepping 9, GenuineIntel



---------------  S Y S T E M  ---------------

OS: Windows 10.0 , 64 bit Build 17134 (10.0.17134.1)

CPU:total 4 (initial active 4) (2 cores per cpu, 2 threads per core) family 6 model 142 stepping 9, cmov, cx8, fxsr, mmx, sse, sse2, sse3, ssse3, sse4.1, sse4.2, popcnt, avx, avx2, aes, clmul, erms, 3dnowpref, lzcnt, ht, tsc, tscinvbit, bmi1, bmi2, adx

Memory: 4k page, physical 8300456k(2833424k free), swap 32113828k(6700k free)

vm_info: Java HotSpot(TM) 64-Bit Server VM (25.192-b12) for windows-amd64 JRE (1.8.0_192-b12), built on Oct  6 2018 17:12:23 by "java_re" with MS VC++ 10.0 (VS2010)

time: Fri Nov 30 03:24:07 2018
timezone: 대한민국 표준시
elapsed time: 7 seconds (0d 0h 0m 7s)

